[2022-09-25 15:00:42,022] WARN Session 0x10000554a840000 for sever localhost/127.0.0.1:2181, Closing socket connection. Attempting reconnect except it is a SessionExpiredException. (org.apache.zookeeper.ClientCnxn)
EndOfStreamException: Unable to read additional data from server sessionid 0x10000554a840000, likely server has closed socket
	at org.apache.zookeeper.ClientCnxnSocketNIO.doIO(ClientCnxnSocketNIO.java:77)
	at org.apache.zookeeper.ClientCnxnSocketNIO.doTransport(ClientCnxnSocketNIO.java:350)
	at org.apache.zookeeper.ClientCnxn$SendThread.run(ClientCnxn.java:1290)
[2022-09-25 15:00:43,986] INFO Opening socket connection to server localhost/127.0.0.1:2181. (org.apache.zookeeper.ClientCnxn)
[2022-09-25 15:00:43,987] WARN Session 0x10000554a840000 for sever localhost/127.0.0.1:2181, Closing socket connection. Attempting reconnect except it is a SessionExpiredException. (org.apache.zookeeper.ClientCnxn)
java.net.ConnectException: Connection refused
	at sun.nio.ch.SocketChannelImpl.checkConnect(Native Method)
	at sun.nio.ch.SocketChannelImpl.finishConnect(SocketChannelImpl.java:716)
	at org.apache.zookeeper.ClientCnxnSocketNIO.doTransport(ClientCnxnSocketNIO.java:344)
	at org.apache.zookeeper.ClientCnxn$SendThread.run(ClientCnxn.java:1290)
[2022-09-25 15:00:46,062] INFO Terminating process due to signal SIGINT (org.apache.kafka.common.utils.LoggingSignalHandler)
[2022-09-25 15:00:46,066] INFO [KafkaServer id=0] shutting down (kafka.server.KafkaServer)
[2022-09-25 15:00:46,068] INFO [KafkaServer id=0] Starting controlled shutdown (kafka.server.KafkaServer)
[2022-09-25 15:00:46,071] INFO Opening socket connection to server localhost/127.0.0.1:2181. (org.apache.zookeeper.ClientCnxn)
[2022-09-25 15:00:46,071] WARN Session 0x10000554a840000 for sever localhost/127.0.0.1:2181, Closing socket connection. Attempting reconnect except it is a SessionExpiredException. (org.apache.zookeeper.ClientCnxn)
java.net.ConnectException: Connection refused
	at sun.nio.ch.SocketChannelImpl.checkConnect(Native Method)
	at sun.nio.ch.SocketChannelImpl.finishConnect(SocketChannelImpl.java:716)
	at org.apache.zookeeper.ClientCnxnSocketNIO.doTransport(ClientCnxnSocketNIO.java:344)
	at org.apache.zookeeper.ClientCnxn$SendThread.run(ClientCnxn.java:1290)
[2022-09-25 15:00:46,084] INFO [KafkaServer id=0] Controlled shutdown request returned successfully after 9ms (kafka.server.KafkaServer)
[2022-09-25 15:00:46,090] INFO [/config/changes-event-process-thread]: Shutting down (kafka.common.ZkNodeChangeNotificationListener$ChangeEventProcessThread)
[2022-09-25 15:00:46,090] INFO [/config/changes-event-process-thread]: Stopped (kafka.common.ZkNodeChangeNotificationListener$ChangeEventProcessThread)
[2022-09-25 15:00:46,091] INFO [/config/changes-event-process-thread]: Shutdown completed (kafka.common.ZkNodeChangeNotificationListener$ChangeEventProcessThread)
[2022-09-25 15:00:46,091] INFO [SocketServer listenerType=ZK_BROKER, nodeId=0] Stopping socket server request processors (kafka.network.SocketServer)
[2022-09-25 15:00:46,096] INFO [SocketServer listenerType=ZK_BROKER, nodeId=0] Stopped socket server request processors (kafka.network.SocketServer)
[2022-09-25 15:00:46,097] INFO [data-plane Kafka Request Handler on Broker 0], shutting down (kafka.server.KafkaRequestHandlerPool)
[2022-09-25 15:00:46,099] INFO [data-plane Kafka Request Handler on Broker 0], shut down completely (kafka.server.KafkaRequestHandlerPool)
[2022-09-25 15:00:46,101] INFO [ExpirationReaper-0-AlterAcls]: Shutting down (kafka.server.DelayedOperationPurgatory$ExpiredOperationReaper)
[2022-09-25 15:00:46,103] INFO [ExpirationReaper-0-AlterAcls]: Stopped (kafka.server.DelayedOperationPurgatory$ExpiredOperationReaper)
[2022-09-25 15:00:46,103] INFO [ExpirationReaper-0-AlterAcls]: Shutdown completed (kafka.server.DelayedOperationPurgatory$ExpiredOperationReaper)
[2022-09-25 15:00:46,104] INFO [KafkaApi-0] Shutdown complete. (kafka.server.KafkaApis)
[2022-09-25 15:00:46,105] INFO [ExpirationReaper-0-topic]: Shutting down (kafka.server.DelayedOperationPurgatory$ExpiredOperationReaper)
[2022-09-25 15:00:46,106] INFO [ExpirationReaper-0-topic]: Stopped (kafka.server.DelayedOperationPurgatory$ExpiredOperationReaper)
[2022-09-25 15:00:46,106] INFO [ExpirationReaper-0-topic]: Shutdown completed (kafka.server.DelayedOperationPurgatory$ExpiredOperationReaper)
[2022-09-25 15:00:46,108] INFO [TransactionCoordinator id=0] Shutting down. (kafka.coordinator.transaction.TransactionCoordinator)
[2022-09-25 15:00:46,109] INFO [Transaction State Manager 0]: Shutdown complete (kafka.coordinator.transaction.TransactionStateManager)
[2022-09-25 15:00:46,109] INFO [Transaction Marker Channel Manager 0]: Shutting down (kafka.coordinator.transaction.TransactionMarkerChannelManager)
[2022-09-25 15:00:46,109] INFO [Transaction Marker Channel Manager 0]: Stopped (kafka.coordinator.transaction.TransactionMarkerChannelManager)
[2022-09-25 15:00:46,109] INFO [Transaction Marker Channel Manager 0]: Shutdown completed (kafka.coordinator.transaction.TransactionMarkerChannelManager)
[2022-09-25 15:00:46,110] INFO [TransactionCoordinator id=0] Shutdown complete. (kafka.coordinator.transaction.TransactionCoordinator)
[2022-09-25 15:00:46,110] INFO [GroupCoordinator 0]: Shutting down. (kafka.coordinator.group.GroupCoordinator)
[2022-09-25 15:00:46,111] INFO [ExpirationReaper-0-Heartbeat]: Shutting down (kafka.server.DelayedOperationPurgatory$ExpiredOperationReaper)
[2022-09-25 15:00:46,111] INFO [ExpirationReaper-0-Heartbeat]: Stopped (kafka.server.DelayedOperationPurgatory$ExpiredOperationReaper)
[2022-09-25 15:00:46,111] INFO [ExpirationReaper-0-Heartbeat]: Shutdown completed (kafka.server.DelayedOperationPurgatory$ExpiredOperationReaper)
[2022-09-25 15:00:46,112] INFO [ExpirationReaper-0-Rebalance]: Shutting down (kafka.server.DelayedOperationPurgatory$ExpiredOperationReaper)
[2022-09-25 15:00:46,112] INFO [ExpirationReaper-0-Rebalance]: Stopped (kafka.server.DelayedOperationPurgatory$ExpiredOperationReaper)
[2022-09-25 15:00:46,112] INFO [ExpirationReaper-0-Rebalance]: Shutdown completed (kafka.server.DelayedOperationPurgatory$ExpiredOperationReaper)
[2022-09-25 15:00:46,113] INFO [GroupCoordinator 0]: Shutdown complete. (kafka.coordinator.group.GroupCoordinator)
[2022-09-25 15:00:46,114] INFO [ReplicaManager broker=0] Shutting down (kafka.server.ReplicaManager)
[2022-09-25 15:00:46,114] INFO [LogDirFailureHandler]: Shutting down (kafka.server.ReplicaManager$LogDirFailureHandler)
[2022-09-25 15:00:46,114] INFO [LogDirFailureHandler]: Stopped (kafka.server.ReplicaManager$LogDirFailureHandler)
[2022-09-25 15:00:46,114] INFO [LogDirFailureHandler]: Shutdown completed (kafka.server.ReplicaManager$LogDirFailureHandler)
[2022-09-25 15:00:46,115] INFO [ReplicaFetcherManager on broker 0] shutting down (kafka.server.ReplicaFetcherManager)
[2022-09-25 15:00:46,116] INFO [ReplicaFetcherManager on broker 0] shutdown completed (kafka.server.ReplicaFetcherManager)
[2022-09-25 15:00:46,117] INFO [ReplicaAlterLogDirsManager on broker 0] shutting down (kafka.server.ReplicaAlterLogDirsManager)
[2022-09-25 15:00:46,117] INFO [ReplicaAlterLogDirsManager on broker 0] shutdown completed (kafka.server.ReplicaAlterLogDirsManager)
[2022-09-25 15:00:46,117] INFO [ExpirationReaper-0-Fetch]: Shutting down (kafka.server.DelayedOperationPurgatory$ExpiredOperationReaper)
[2022-09-25 15:00:46,118] INFO [ExpirationReaper-0-Fetch]: Stopped (kafka.server.DelayedOperationPurgatory$ExpiredOperationReaper)
[2022-09-25 15:00:46,118] INFO [ExpirationReaper-0-Fetch]: Shutdown completed (kafka.server.DelayedOperationPurgatory$ExpiredOperationReaper)
[2022-09-25 15:00:46,118] INFO [ExpirationReaper-0-Produce]: Shutting down (kafka.server.DelayedOperationPurgatory$ExpiredOperationReaper)
[2022-09-25 15:00:46,119] INFO [ExpirationReaper-0-Produce]: Stopped (kafka.server.DelayedOperationPurgatory$ExpiredOperationReaper)
[2022-09-25 15:00:46,119] INFO [ExpirationReaper-0-Produce]: Shutdown completed (kafka.server.DelayedOperationPurgatory$ExpiredOperationReaper)
[2022-09-25 15:00:46,119] INFO [ExpirationReaper-0-DeleteRecords]: Shutting down (kafka.server.DelayedOperationPurgatory$ExpiredOperationReaper)
[2022-09-25 15:00:46,120] INFO [ExpirationReaper-0-DeleteRecords]: Stopped (kafka.server.DelayedOperationPurgatory$ExpiredOperationReaper)
[2022-09-25 15:00:46,120] INFO [ExpirationReaper-0-DeleteRecords]: Shutdown completed (kafka.server.DelayedOperationPurgatory$ExpiredOperationReaper)
[2022-09-25 15:00:46,120] INFO [ExpirationReaper-0-ElectLeader]: Shutting down (kafka.server.DelayedOperationPurgatory$ExpiredOperationReaper)
[2022-09-25 15:00:46,121] INFO [ExpirationReaper-0-ElectLeader]: Stopped (kafka.server.DelayedOperationPurgatory$ExpiredOperationReaper)
[2022-09-25 15:00:46,121] INFO [ExpirationReaper-0-ElectLeader]: Shutdown completed (kafka.server.DelayedOperationPurgatory$ExpiredOperationReaper)
[2022-09-25 15:00:46,128] INFO [ReplicaManager broker=0] Shut down completely (kafka.server.ReplicaManager)
[2022-09-25 15:00:46,129] INFO [BrokerToControllerChannelManager broker=0 name=alterPartition]: Shutting down (kafka.server.BrokerToControllerRequestThread)
[2022-09-25 15:00:46,129] INFO [BrokerToControllerChannelManager broker=0 name=alterPartition]: Stopped (kafka.server.BrokerToControllerRequestThread)
[2022-09-25 15:00:46,129] INFO [BrokerToControllerChannelManager broker=0 name=alterPartition]: Shutdown completed (kafka.server.BrokerToControllerRequestThread)
[2022-09-25 15:00:46,130] INFO Broker to controller channel manager for alterPartition shutdown (kafka.server.BrokerToControllerChannelManagerImpl)
[2022-09-25 15:00:46,130] INFO [BrokerToControllerChannelManager broker=0 name=forwarding]: Shutting down (kafka.server.BrokerToControllerRequestThread)
[2022-09-25 15:00:46,131] INFO [BrokerToControllerChannelManager broker=0 name=forwarding]: Stopped (kafka.server.BrokerToControllerRequestThread)
[2022-09-25 15:00:46,131] INFO [BrokerToControllerChannelManager broker=0 name=forwarding]: Shutdown completed (kafka.server.BrokerToControllerRequestThread)
[2022-09-25 15:00:46,131] INFO Broker to controller channel manager for forwarding shutdown (kafka.server.BrokerToControllerChannelManagerImpl)
[2022-09-25 15:00:46,131] INFO Shutting down. (kafka.log.LogManager)
[2022-09-25 15:00:46,144] INFO [ProducerStateManager partition=tweets-0] Wrote producer snapshot at offset 150 with 0 producer ids in 3 ms. (kafka.log.ProducerStateManager)
[2022-09-25 15:00:46,159] INFO Shutdown complete. (kafka.log.LogManager)
[2022-09-25 15:00:46,166] INFO [feature-zk-node-event-process-thread]: Shutting down (kafka.server.FinalizedFeatureChangeListener$ChangeNotificationProcessorThread)
[2022-09-25 15:00:46,166] INFO [feature-zk-node-event-process-thread]: Stopped (kafka.server.FinalizedFeatureChangeListener$ChangeNotificationProcessorThread)
[2022-09-25 15:00:46,166] INFO [feature-zk-node-event-process-thread]: Shutdown completed (kafka.server.FinalizedFeatureChangeListener$ChangeNotificationProcessorThread)
[2022-09-25 15:00:46,167] INFO [ZooKeeperClient Kafka server] Closing. (kafka.zookeeper.ZooKeeperClient)
[2022-09-25 15:00:46,274] INFO Session: 0x10000554a840000 closed (org.apache.zookeeper.ZooKeeper)
[2022-09-25 15:00:46,274] INFO EventThread shut down for session: 0x10000554a840000 (org.apache.zookeeper.ClientCnxn)
[2022-09-25 15:00:46,276] INFO [ZooKeeperClient Kafka server] Closed. (kafka.zookeeper.ZooKeeperClient)
[2022-09-25 15:00:46,276] INFO [ThrottledChannelReaper-Fetch]: Shutting down (kafka.server.ClientQuotaManager$ThrottledChannelReaper)
[2022-09-25 15:00:46,279] INFO [ThrottledChannelReaper-Fetch]: Stopped (kafka.server.ClientQuotaManager$ThrottledChannelReaper)
[2022-09-25 15:00:46,279] INFO [ThrottledChannelReaper-Fetch]: Shutdown completed (kafka.server.ClientQuotaManager$ThrottledChannelReaper)
[2022-09-25 15:00:46,279] INFO [ThrottledChannelReaper-Produce]: Shutting down (kafka.server.ClientQuotaManager$ThrottledChannelReaper)
[2022-09-25 15:00:46,279] INFO [ThrottledChannelReaper-Produce]: Stopped (kafka.server.ClientQuotaManager$ThrottledChannelReaper)
[2022-09-25 15:00:46,279] INFO [ThrottledChannelReaper-Produce]: Shutdown completed (kafka.server.ClientQuotaManager$ThrottledChannelReaper)
[2022-09-25 15:00:46,279] INFO [ThrottledChannelReaper-Request]: Shutting down (kafka.server.ClientQuotaManager$ThrottledChannelReaper)
[2022-09-25 15:00:46,279] INFO [ThrottledChannelReaper-Request]: Stopped (kafka.server.ClientQuotaManager$ThrottledChannelReaper)
[2022-09-25 15:00:46,279] INFO [ThrottledChannelReaper-Request]: Shutdown completed (kafka.server.ClientQuotaManager$ThrottledChannelReaper)
[2022-09-25 15:00:46,280] INFO [ThrottledChannelReaper-ControllerMutation]: Shutting down (kafka.server.ClientQuotaManager$ThrottledChannelReaper)
[2022-09-25 15:00:46,280] INFO [ThrottledChannelReaper-ControllerMutation]: Stopped (kafka.server.ClientQuotaManager$ThrottledChannelReaper)
[2022-09-25 15:00:46,280] INFO [ThrottledChannelReaper-ControllerMutation]: Shutdown completed (kafka.server.ClientQuotaManager$ThrottledChannelReaper)
[2022-09-25 15:00:46,281] INFO [SocketServer listenerType=ZK_BROKER, nodeId=0] Shutting down socket server (kafka.network.SocketServer)
[2022-09-25 15:00:46,306] INFO [SocketServer listenerType=ZK_BROKER, nodeId=0] Shutdown completed (kafka.network.SocketServer)
[2022-09-25 15:00:46,306] INFO Metrics scheduler closed (org.apache.kafka.common.metrics.Metrics)
[2022-09-25 15:00:46,306] INFO Closing reporter org.apache.kafka.common.metrics.JmxReporter (org.apache.kafka.common.metrics.Metrics)
[2022-09-25 15:00:46,306] INFO Metrics reporters closed (org.apache.kafka.common.metrics.Metrics)
[2022-09-25 15:00:46,308] INFO Broker and topic stats closed (kafka.server.BrokerTopicStats)
[2022-09-25 15:00:46,308] INFO App info kafka.server for 0 unregistered (org.apache.kafka.common.utils.AppInfoParser)
[2022-09-25 15:00:46,309] INFO [KafkaServer id=0] shut down completed (kafka.server.KafkaServer)
[2022-09-25 15:01:55,329] INFO Reading configuration from: config/zookeeper.properties (org.apache.zookeeper.server.quorum.QuorumPeerConfig)
[2022-09-25 15:01:55,330] WARN config/zookeeper.properties is relative. Prepend ./ to indicate that you're sure! (org.apache.zookeeper.server.quorum.QuorumPeerConfig)
[2022-09-25 15:01:55,332] INFO clientPortAddress is 0.0.0.0:2181 (org.apache.zookeeper.server.quorum.QuorumPeerConfig)
[2022-09-25 15:01:55,332] INFO secureClientPort is not set (org.apache.zookeeper.server.quorum.QuorumPeerConfig)
[2022-09-25 15:01:55,333] INFO observerMasterPort is not set (org.apache.zookeeper.server.quorum.QuorumPeerConfig)
[2022-09-25 15:01:55,333] INFO metricsProvider.className is org.apache.zookeeper.metrics.impl.DefaultMetricsProvider (org.apache.zookeeper.server.quorum.QuorumPeerConfig)
[2022-09-25 15:01:55,334] INFO autopurge.snapRetainCount set to 3 (org.apache.zookeeper.server.DatadirCleanupManager)
[2022-09-25 15:01:55,334] INFO autopurge.purgeInterval set to 0 (org.apache.zookeeper.server.DatadirCleanupManager)
[2022-09-25 15:01:55,334] INFO Purge task is not scheduled. (org.apache.zookeeper.server.DatadirCleanupManager)
[2022-09-25 15:01:55,334] WARN Either no config or no quorum defined in config, running in standalone mode (org.apache.zookeeper.server.quorum.QuorumPeerMain)
[2022-09-25 15:01:55,335] INFO Log4j 1.2 jmx support not found; jmx disabled. (org.apache.zookeeper.jmx.ManagedUtil)
[2022-09-25 15:01:55,336] INFO Reading configuration from: config/zookeeper.properties (org.apache.zookeeper.server.quorum.QuorumPeerConfig)
[2022-09-25 15:01:55,336] WARN config/zookeeper.properties is relative. Prepend ./ to indicate that you're sure! (org.apache.zookeeper.server.quorum.QuorumPeerConfig)
[2022-09-25 15:01:55,336] INFO clientPortAddress is 0.0.0.0:2181 (org.apache.zookeeper.server.quorum.QuorumPeerConfig)
[2022-09-25 15:01:55,336] INFO secureClientPort is not set (org.apache.zookeeper.server.quorum.QuorumPeerConfig)
[2022-09-25 15:01:55,336] INFO observerMasterPort is not set (org.apache.zookeeper.server.quorum.QuorumPeerConfig)
[2022-09-25 15:01:55,336] INFO metricsProvider.className is org.apache.zookeeper.metrics.impl.DefaultMetricsProvider (org.apache.zookeeper.server.quorum.QuorumPeerConfig)
[2022-09-25 15:01:55,336] INFO Starting server (org.apache.zookeeper.server.ZooKeeperServerMain)
[2022-09-25 15:01:55,347] INFO ServerMetrics initialized with provider org.apache.zookeeper.metrics.impl.DefaultMetricsProvider@6df97b55 (org.apache.zookeeper.server.ServerMetrics)
[2022-09-25 15:01:55,350] INFO zookeeper.snapshot.trust.empty : false (org.apache.zookeeper.server.persistence.FileTxnSnapLog)
[2022-09-25 15:01:55,360] INFO  (org.apache.zookeeper.server.ZooKeeperServer)
[2022-09-25 15:01:55,360] INFO   ______                  _                                           (org.apache.zookeeper.server.ZooKeeperServer)
[2022-09-25 15:01:55,360] INFO  |___  /                 | |                                          (org.apache.zookeeper.server.ZooKeeperServer)
[2022-09-25 15:01:55,360] INFO     / /    ___     ___   | | __   ___    ___   _ __     ___   _ __    (org.apache.zookeeper.server.ZooKeeperServer)
[2022-09-25 15:01:55,360] INFO    / /    / _ \   / _ \  | |/ /  / _ \  / _ \ | '_ \   / _ \ | '__| (org.apache.zookeeper.server.ZooKeeperServer)
[2022-09-25 15:01:55,360] INFO   / /__  | (_) | | (_) | |   <  |  __/ |  __/ | |_) | |  __/ | |     (org.apache.zookeeper.server.ZooKeeperServer)
[2022-09-25 15:01:55,360] INFO  /_____|  \___/   \___/  |_|\_\  \___|  \___| | .__/   \___| |_| (org.apache.zookeeper.server.ZooKeeperServer)
[2022-09-25 15:01:55,360] INFO                                               | |                      (org.apache.zookeeper.server.ZooKeeperServer)
[2022-09-25 15:01:55,360] INFO                                               |_|                      (org.apache.zookeeper.server.ZooKeeperServer)
[2022-09-25 15:01:55,361] INFO  (org.apache.zookeeper.server.ZooKeeperServer)
[2022-09-25 15:01:55,362] INFO Server environment:zookeeper.version=3.6.3--6401e4ad2087061bc6b9f80dec2d69f2e3c8660a, built on 04/08/2021 16:35 GMT (org.apache.zookeeper.server.ZooKeeperServer)
[2022-09-25 15:01:55,362] INFO Server environment:host.name=emad-ideapad-520 (org.apache.zookeeper.server.ZooKeeperServer)
[2022-09-25 15:01:55,362] INFO Server environment:java.version=1.8.0_342 (org.apache.zookeeper.server.ZooKeeperServer)
[2022-09-25 15:01:55,362] INFO Server environment:java.vendor=Private Build (org.apache.zookeeper.server.ZooKeeperServer)
[2022-09-25 15:01:55,363] INFO Server environment:java.home=/usr/lib/jvm/java-8-openjdk-amd64/jre (org.apache.zookeeper.server.ZooKeeperServer)
[2022-09-25 15:01:55,363] INFO Server environment:java.class.path=/home/emad/kafka/bin/../libs/activation-1.1.1.jar:/home/emad/kafka/bin/../libs/aopalliance-repackaged-2.6.1.jar:/home/emad/kafka/bin/../libs/argparse4j-0.7.0.jar:/home/emad/kafka/bin/../libs/audience-annotations-0.5.0.jar:/home/emad/kafka/bin/../libs/commons-cli-1.4.jar:/home/emad/kafka/bin/../libs/commons-lang3-3.8.1.jar:/home/emad/kafka/bin/../libs/connect-api-3.2.1.jar:/home/emad/kafka/bin/../libs/connect-basic-auth-extension-3.2.1.jar:/home/emad/kafka/bin/../libs/connect-json-3.2.1.jar:/home/emad/kafka/bin/../libs/connect-mirror-3.2.1.jar:/home/emad/kafka/bin/../libs/connect-mirror-client-3.2.1.jar:/home/emad/kafka/bin/../libs/connect-runtime-3.2.1.jar:/home/emad/kafka/bin/../libs/connect-transforms-3.2.1.jar:/home/emad/kafka/bin/../libs/hk2-api-2.6.1.jar:/home/emad/kafka/bin/../libs/hk2-locator-2.6.1.jar:/home/emad/kafka/bin/../libs/hk2-utils-2.6.1.jar:/home/emad/kafka/bin/../libs/jackson-annotations-2.12.6.jar:/home/emad/kafka/bin/../libs/jackson-core-2.12.6.jar:/home/emad/kafka/bin/../libs/jackson-databind-2.12.6.1.jar:/home/emad/kafka/bin/../libs/jackson-dataformat-csv-2.12.6.jar:/home/emad/kafka/bin/../libs/jackson-datatype-jdk8-2.12.6.jar:/home/emad/kafka/bin/../libs/jackson-jaxrs-base-2.12.6.jar:/home/emad/kafka/bin/../libs/jackson-jaxrs-json-provider-2.12.6.jar:/home/emad/kafka/bin/../libs/jackson-module-jaxb-annotations-2.12.6.jar:/home/emad/kafka/bin/../libs/jackson-module-scala_2.13-2.12.6.jar:/home/emad/kafka/bin/../libs/jakarta.activation-api-1.2.1.jar:/home/emad/kafka/bin/../libs/jakarta.annotation-api-1.3.5.jar:/home/emad/kafka/bin/../libs/jakarta.inject-2.6.1.jar:/home/emad/kafka/bin/../libs/jakarta.validation-api-2.0.2.jar:/home/emad/kafka/bin/../libs/jakarta.ws.rs-api-2.1.6.jar:/home/emad/kafka/bin/../libs/jakarta.xml.bind-api-2.3.2.jar:/home/emad/kafka/bin/../libs/javassist-3.27.0-GA.jar:/home/emad/kafka/bin/../libs/javax.servlet-api-3.1.0.jar:/home/emad/kafka/bin/../libs/javax.ws.rs-api-2.1.1.jar:/home/emad/kafka/bin/../libs/jaxb-api-2.3.0.jar:/home/emad/kafka/bin/../libs/jersey-client-2.34.jar:/home/emad/kafka/bin/../libs/jersey-common-2.34.jar:/home/emad/kafka/bin/../libs/jersey-container-servlet-2.34.jar:/home/emad/kafka/bin/../libs/jersey-container-servlet-core-2.34.jar:/home/emad/kafka/bin/../libs/jersey-hk2-2.34.jar:/home/emad/kafka/bin/../libs/jersey-server-2.34.jar:/home/emad/kafka/bin/../libs/jetty-client-9.4.44.v20210927.jar:/home/emad/kafka/bin/../libs/jetty-continuation-9.4.44.v20210927.jar:/home/emad/kafka/bin/../libs/jetty-http-9.4.44.v20210927.jar:/home/emad/kafka/bin/../libs/jetty-io-9.4.44.v20210927.jar:/home/emad/kafka/bin/../libs/jetty-security-9.4.44.v20210927.jar:/home/emad/kafka/bin/../libs/jetty-server-9.4.44.v20210927.jar:/home/emad/kafka/bin/../libs/jetty-servlet-9.4.44.v20210927.jar:/home/emad/kafka/bin/../libs/jetty-servlets-9.4.44.v20210927.jar:/home/emad/kafka/bin/../libs/jetty-util-9.4.44.v20210927.jar:/home/emad/kafka/bin/../libs/jetty-util-ajax-9.4.44.v20210927.jar:/home/emad/kafka/bin/../libs/jline-3.21.0.jar:/home/emad/kafka/bin/../libs/jopt-simple-5.0.4.jar:/home/emad/kafka/bin/../libs/jose4j-0.7.9.jar:/home/emad/kafka/bin/../libs/kafka_2.13-3.2.1.jar:/home/emad/kafka/bin/../libs/kafka-clients-3.2.1.jar:/home/emad/kafka/bin/../libs/kafka-log4j-appender-3.2.1.jar:/home/emad/kafka/bin/../libs/kafka-metadata-3.2.1.jar:/home/emad/kafka/bin/../libs/kafka-raft-3.2.1.jar:/home/emad/kafka/bin/../libs/kafka-server-common-3.2.1.jar:/home/emad/kafka/bin/../libs/kafka-shell-3.2.1.jar:/home/emad/kafka/bin/../libs/kafka-storage-3.2.1.jar:/home/emad/kafka/bin/../libs/kafka-storage-api-3.2.1.jar:/home/emad/kafka/bin/../libs/kafka-streams-3.2.1.jar:/home/emad/kafka/bin/../libs/kafka-streams-examples-3.2.1.jar:/home/emad/kafka/bin/../libs/kafka-streams-scala_2.13-3.2.1.jar:/home/emad/kafka/bin/../libs/kafka-streams-test-utils-3.2.1.jar:/home/emad/kafka/bin/../libs/kafka-tools-3.2.1.jar:/home/emad/kafka/bin/../libs/lz4-java-1.8.0.jar:/home/emad/kafka/bin/../libs/maven-artifact-3.8.4.jar:/home/emad/kafka/bin/../libs/metrics-core-2.2.0.jar:/home/emad/kafka/bin/../libs/metrics-core-4.1.12.1.jar:/home/emad/kafka/bin/../libs/netty-buffer-4.1.73.Final.jar:/home/emad/kafka/bin/../libs/netty-codec-4.1.73.Final.jar:/home/emad/kafka/bin/../libs/netty-common-4.1.73.Final.jar:/home/emad/kafka/bin/../libs/netty-handler-4.1.73.Final.jar:/home/emad/kafka/bin/../libs/netty-resolver-4.1.73.Final.jar:/home/emad/kafka/bin/../libs/netty-tcnative-classes-2.0.46.Final.jar:/home/emad/kafka/bin/../libs/netty-transport-4.1.73.Final.jar:/home/emad/kafka/bin/../libs/netty-transport-classes-epoll-4.1.73.Final.jar:/home/emad/kafka/bin/../libs/netty-transport-native-epoll-4.1.73.Final.jar:/home/emad/kafka/bin/../libs/netty-transport-native-unix-common-4.1.73.Final.jar:/home/emad/kafka/bin/../libs/osgi-resource-locator-1.0.3.jar:/home/emad/kafka/bin/../libs/paranamer-2.8.jar:/home/emad/kafka/bin/../libs/plexus-utils-3.3.0.jar:/home/emad/kafka/bin/../libs/reflections-0.9.12.jar:/home/emad/kafka/bin/../libs/reload4j-1.2.19.jar:/home/emad/kafka/bin/../libs/rocksdbjni-6.29.4.1.jar:/home/emad/kafka/bin/../libs/scala-collection-compat_2.13-2.6.0.jar:/home/emad/kafka/bin/../libs/scala-java8-compat_2.13-1.0.2.jar:/home/emad/kafka/bin/../libs/scala-library-2.13.8.jar:/home/emad/kafka/bin/../libs/scala-logging_2.13-3.9.4.jar:/home/emad/kafka/bin/../libs/scala-reflect-2.13.8.jar:/home/emad/kafka/bin/../libs/slf4j-api-1.7.36.jar:/home/emad/kafka/bin/../libs/slf4j-reload4j-1.7.36.jar:/home/emad/kafka/bin/../libs/snappy-java-1.1.8.4.jar:/home/emad/kafka/bin/../libs/trogdor-3.2.1.jar:/home/emad/kafka/bin/../libs/zookeeper-3.6.3.jar:/home/emad/kafka/bin/../libs/zookeeper-jute-3.6.3.jar:/home/emad/kafka/bin/../libs/zstd-jni-1.5.2-1.jar (org.apache.zookeeper.server.ZooKeeperServer)
[2022-09-25 15:01:55,363] INFO Server environment:java.library.path=/usr/java/packages/lib/amd64:/usr/lib/x86_64-linux-gnu/jni:/lib/x86_64-linux-gnu:/usr/lib/x86_64-linux-gnu:/usr/lib/jni:/lib:/usr/lib (org.apache.zookeeper.server.ZooKeeperServer)
[2022-09-25 15:01:55,363] INFO Server environment:java.io.tmpdir=/tmp (org.apache.zookeeper.server.ZooKeeperServer)
[2022-09-25 15:01:55,363] INFO Server environment:java.compiler=<NA> (org.apache.zookeeper.server.ZooKeeperServer)
[2022-09-25 15:01:55,363] INFO Server environment:os.name=Linux (org.apache.zookeeper.server.ZooKeeperServer)
[2022-09-25 15:01:55,363] INFO Server environment:os.arch=amd64 (org.apache.zookeeper.server.ZooKeeperServer)
[2022-09-25 15:01:55,364] INFO Server environment:os.version=5.15.0-48-generic (org.apache.zookeeper.server.ZooKeeperServer)
[2022-09-25 15:01:55,364] INFO Server environment:user.name=emad (org.apache.zookeeper.server.ZooKeeperServer)
[2022-09-25 15:01:55,364] INFO Server environment:user.home=/home/emad (org.apache.zookeeper.server.ZooKeeperServer)
[2022-09-25 15:01:55,364] INFO Server environment:user.dir=/home/emad/kafka (org.apache.zookeeper.server.ZooKeeperServer)
[2022-09-25 15:01:55,364] INFO Server environment:os.memory.free=492MB (org.apache.zookeeper.server.ZooKeeperServer)
[2022-09-25 15:01:55,364] INFO Server environment:os.memory.max=512MB (org.apache.zookeeper.server.ZooKeeperServer)
[2022-09-25 15:01:55,364] INFO Server environment:os.memory.total=512MB (org.apache.zookeeper.server.ZooKeeperServer)
[2022-09-25 15:01:55,364] INFO zookeeper.enableEagerACLCheck = false (org.apache.zookeeper.server.ZooKeeperServer)
[2022-09-25 15:01:55,364] INFO zookeeper.digest.enabled = true (org.apache.zookeeper.server.ZooKeeperServer)
[2022-09-25 15:01:55,364] INFO zookeeper.closeSessionTxn.enabled = true (org.apache.zookeeper.server.ZooKeeperServer)
[2022-09-25 15:01:55,364] INFO zookeeper.flushDelay=0 (org.apache.zookeeper.server.ZooKeeperServer)
[2022-09-25 15:01:55,364] INFO zookeeper.maxWriteQueuePollTime=0 (org.apache.zookeeper.server.ZooKeeperServer)
[2022-09-25 15:01:55,364] INFO zookeeper.maxBatchSize=1000 (org.apache.zookeeper.server.ZooKeeperServer)
[2022-09-25 15:01:55,365] INFO zookeeper.intBufferStartingSizeBytes = 1024 (org.apache.zookeeper.server.ZooKeeperServer)
[2022-09-25 15:01:55,366] INFO Weighed connection throttling is disabled (org.apache.zookeeper.server.BlueThrottle)
[2022-09-25 15:01:55,367] INFO minSessionTimeout set to 6000 (org.apache.zookeeper.server.ZooKeeperServer)
[2022-09-25 15:01:55,367] INFO maxSessionTimeout set to 60000 (org.apache.zookeeper.server.ZooKeeperServer)
[2022-09-25 15:01:55,368] INFO Response cache size is initialized with value 400. (org.apache.zookeeper.server.ResponseCache)
[2022-09-25 15:01:55,368] INFO Response cache size is initialized with value 400. (org.apache.zookeeper.server.ResponseCache)
[2022-09-25 15:01:55,369] INFO zookeeper.pathStats.slotCapacity = 60 (org.apache.zookeeper.server.util.RequestPathMetricsCollector)
[2022-09-25 15:01:55,370] INFO zookeeper.pathStats.slotDuration = 15 (org.apache.zookeeper.server.util.RequestPathMetricsCollector)
[2022-09-25 15:01:55,370] INFO zookeeper.pathStats.maxDepth = 6 (org.apache.zookeeper.server.util.RequestPathMetricsCollector)
[2022-09-25 15:01:55,370] INFO zookeeper.pathStats.initialDelay = 5 (org.apache.zookeeper.server.util.RequestPathMetricsCollector)
[2022-09-25 15:01:55,370] INFO zookeeper.pathStats.delay = 5 (org.apache.zookeeper.server.util.RequestPathMetricsCollector)
[2022-09-25 15:01:55,370] INFO zookeeper.pathStats.enabled = false (org.apache.zookeeper.server.util.RequestPathMetricsCollector)
[2022-09-25 15:01:55,372] INFO The max bytes for all large requests are set to 104857600 (org.apache.zookeeper.server.ZooKeeperServer)
[2022-09-25 15:01:55,372] INFO The large request threshold is set to -1 (org.apache.zookeeper.server.ZooKeeperServer)
[2022-09-25 15:01:55,372] INFO Created server with tickTime 3000 minSessionTimeout 6000 maxSessionTimeout 60000 clientPortListenBacklog -1 datadir /tmp/zookeeper/version-2 snapdir /tmp/zookeeper/version-2 (org.apache.zookeeper.server.ZooKeeperServer)
[2022-09-25 15:01:55,378] INFO Using org.apache.zookeeper.server.NIOServerCnxnFactory as server connection factory (org.apache.zookeeper.server.ServerCnxnFactory)
[2022-09-25 15:01:55,378] WARN maxCnxns is not configured, using default value 0. (org.apache.zookeeper.server.ServerCnxnFactory)
[2022-09-25 15:01:55,380] INFO Configuring NIO connection handler with 10s sessionless connection timeout, 2 selector thread(s), 16 worker threads, and 64 kB direct buffers. (org.apache.zookeeper.server.NIOServerCnxnFactory)
[2022-09-25 15:01:55,383] INFO binding to port 0.0.0.0/0.0.0.0:2181 (org.apache.zookeeper.server.NIOServerCnxnFactory)
[2022-09-25 15:01:55,399] INFO Using org.apache.zookeeper.server.watch.WatchManager as watch manager (org.apache.zookeeper.server.watch.WatchManagerFactory)
[2022-09-25 15:01:55,400] INFO Using org.apache.zookeeper.server.watch.WatchManager as watch manager (org.apache.zookeeper.server.watch.WatchManagerFactory)
[2022-09-25 15:01:55,400] INFO zookeeper.snapshotSizeFactor = 0.33 (org.apache.zookeeper.server.ZKDatabase)
[2022-09-25 15:01:55,400] INFO zookeeper.commitLogCount=500 (org.apache.zookeeper.server.ZKDatabase)
[2022-09-25 15:01:55,409] INFO zookeeper.snapshot.compression.method = CHECKED (org.apache.zookeeper.server.persistence.SnapStream)
[2022-09-25 15:01:55,410] INFO Reading snapshot /tmp/zookeeper/version-2/snapshot.59 (org.apache.zookeeper.server.persistence.FileSnap)
[2022-09-25 15:01:55,414] INFO The digest in the snapshot has digest version of 2, , with zxid as 0x59, and digest value as 46929647916 (org.apache.zookeeper.server.DataTree)
[2022-09-25 15:01:55,432] INFO 18 txns loaded in 11 ms (org.apache.zookeeper.server.persistence.FileTxnSnapLog)
[2022-09-25 15:01:55,432] INFO Snapshot loaded in 32 ms, highest zxid is 0x6b, digest is 54712937394 (org.apache.zookeeper.server.ZKDatabase)
[2022-09-25 15:01:55,432] INFO Snapshotting: 0x6b to /tmp/zookeeper/version-2/snapshot.6b (org.apache.zookeeper.server.persistence.FileTxnSnapLog)
[2022-09-25 15:01:55,433] INFO Snapshot taken in 1 ms (org.apache.zookeeper.server.ZooKeeperServer)
[2022-09-25 15:01:55,442] INFO PrepRequestProcessor (sid:0) started, reconfigEnabled=false (org.apache.zookeeper.server.PrepRequestProcessor)
[2022-09-25 15:01:55,443] INFO zookeeper.request_throttler.shutdownTimeout = 10000 (org.apache.zookeeper.server.RequestThrottler)
[2022-09-25 15:01:55,458] INFO Using checkIntervalMs=60000 maxPerMinute=10000 maxNeverUsedIntervalMs=0 (org.apache.zookeeper.server.ContainerManager)
[2022-09-25 15:01:55,458] INFO ZooKeeper audit is disabled. (org.apache.zookeeper.audit.ZKAuditProvider)
[2022-09-25 15:02:03,697] INFO Registered kafka:type=kafka.Log4jController MBean (kafka.utils.Log4jControllerRegistration$)
[2022-09-25 15:02:03,989] INFO Setting -D jdk.tls.rejectClientInitiatedRenegotiation=true to disable client-initiated TLS renegotiation (org.apache.zookeeper.common.X509Util)
[2022-09-25 15:02:04,081] INFO Registered signal handlers for TERM, INT, HUP (org.apache.kafka.common.utils.LoggingSignalHandler)
[2022-09-25 15:02:04,084] INFO starting (kafka.server.KafkaServer)
[2022-09-25 15:02:04,085] INFO Connecting to zookeeper on localhost:2181 (kafka.server.KafkaServer)
[2022-09-25 15:02:04,102] INFO [ZooKeeperClient Kafka server] Initializing a new session to localhost:2181. (kafka.zookeeper.ZooKeeperClient)
[2022-09-25 15:02:04,109] INFO Client environment:zookeeper.version=3.6.3--6401e4ad2087061bc6b9f80dec2d69f2e3c8660a, built on 04/08/2021 16:35 GMT (org.apache.zookeeper.ZooKeeper)
[2022-09-25 15:02:04,109] INFO Client environment:host.name=emad-ideapad-520 (org.apache.zookeeper.ZooKeeper)
[2022-09-25 15:02:04,109] INFO Client environment:java.version=1.8.0_342 (org.apache.zookeeper.ZooKeeper)
[2022-09-25 15:02:04,109] INFO Client environment:java.vendor=Private Build (org.apache.zookeeper.ZooKeeper)
[2022-09-25 15:02:04,109] INFO Client environment:java.home=/usr/lib/jvm/java-8-openjdk-amd64/jre (org.apache.zookeeper.ZooKeeper)
[2022-09-25 15:02:04,109] INFO Client environment:java.class.path=/home/emad/kafka/bin/../libs/activation-1.1.1.jar:/home/emad/kafka/bin/../libs/aopalliance-repackaged-2.6.1.jar:/home/emad/kafka/bin/../libs/argparse4j-0.7.0.jar:/home/emad/kafka/bin/../libs/audience-annotations-0.5.0.jar:/home/emad/kafka/bin/../libs/commons-cli-1.4.jar:/home/emad/kafka/bin/../libs/commons-lang3-3.8.1.jar:/home/emad/kafka/bin/../libs/connect-api-3.2.1.jar:/home/emad/kafka/bin/../libs/connect-basic-auth-extension-3.2.1.jar:/home/emad/kafka/bin/../libs/connect-json-3.2.1.jar:/home/emad/kafka/bin/../libs/connect-mirror-3.2.1.jar:/home/emad/kafka/bin/../libs/connect-mirror-client-3.2.1.jar:/home/emad/kafka/bin/../libs/connect-runtime-3.2.1.jar:/home/emad/kafka/bin/../libs/connect-transforms-3.2.1.jar:/home/emad/kafka/bin/../libs/hk2-api-2.6.1.jar:/home/emad/kafka/bin/../libs/hk2-locator-2.6.1.jar:/home/emad/kafka/bin/../libs/hk2-utils-2.6.1.jar:/home/emad/kafka/bin/../libs/jackson-annotations-2.12.6.jar:/home/emad/kafka/bin/../libs/jackson-core-2.12.6.jar:/home/emad/kafka/bin/../libs/jackson-databind-2.12.6.1.jar:/home/emad/kafka/bin/../libs/jackson-dataformat-csv-2.12.6.jar:/home/emad/kafka/bin/../libs/jackson-datatype-jdk8-2.12.6.jar:/home/emad/kafka/bin/../libs/jackson-jaxrs-base-2.12.6.jar:/home/emad/kafka/bin/../libs/jackson-jaxrs-json-provider-2.12.6.jar:/home/emad/kafka/bin/../libs/jackson-module-jaxb-annotations-2.12.6.jar:/home/emad/kafka/bin/../libs/jackson-module-scala_2.13-2.12.6.jar:/home/emad/kafka/bin/../libs/jakarta.activation-api-1.2.1.jar:/home/emad/kafka/bin/../libs/jakarta.annotation-api-1.3.5.jar:/home/emad/kafka/bin/../libs/jakarta.inject-2.6.1.jar:/home/emad/kafka/bin/../libs/jakarta.validation-api-2.0.2.jar:/home/emad/kafka/bin/../libs/jakarta.ws.rs-api-2.1.6.jar:/home/emad/kafka/bin/../libs/jakarta.xml.bind-api-2.3.2.jar:/home/emad/kafka/bin/../libs/javassist-3.27.0-GA.jar:/home/emad/kafka/bin/../libs/javax.servlet-api-3.1.0.jar:/home/emad/kafka/bin/../libs/javax.ws.rs-api-2.1.1.jar:/home/emad/kafka/bin/../libs/jaxb-api-2.3.0.jar:/home/emad/kafka/bin/../libs/jersey-client-2.34.jar:/home/emad/kafka/bin/../libs/jersey-common-2.34.jar:/home/emad/kafka/bin/../libs/jersey-container-servlet-2.34.jar:/home/emad/kafka/bin/../libs/jersey-container-servlet-core-2.34.jar:/home/emad/kafka/bin/../libs/jersey-hk2-2.34.jar:/home/emad/kafka/bin/../libs/jersey-server-2.34.jar:/home/emad/kafka/bin/../libs/jetty-client-9.4.44.v20210927.jar:/home/emad/kafka/bin/../libs/jetty-continuation-9.4.44.v20210927.jar:/home/emad/kafka/bin/../libs/jetty-http-9.4.44.v20210927.jar:/home/emad/kafka/bin/../libs/jetty-io-9.4.44.v20210927.jar:/home/emad/kafka/bin/../libs/jetty-security-9.4.44.v20210927.jar:/home/emad/kafka/bin/../libs/jetty-server-9.4.44.v20210927.jar:/home/emad/kafka/bin/../libs/jetty-servlet-9.4.44.v20210927.jar:/home/emad/kafka/bin/../libs/jetty-servlets-9.4.44.v20210927.jar:/home/emad/kafka/bin/../libs/jetty-util-9.4.44.v20210927.jar:/home/emad/kafka/bin/../libs/jetty-util-ajax-9.4.44.v20210927.jar:/home/emad/kafka/bin/../libs/jline-3.21.0.jar:/home/emad/kafka/bin/../libs/jopt-simple-5.0.4.jar:/home/emad/kafka/bin/../libs/jose4j-0.7.9.jar:/home/emad/kafka/bin/../libs/kafka_2.13-3.2.1.jar:/home/emad/kafka/bin/../libs/kafka-clients-3.2.1.jar:/home/emad/kafka/bin/../libs/kafka-log4j-appender-3.2.1.jar:/home/emad/kafka/bin/../libs/kafka-metadata-3.2.1.jar:/home/emad/kafka/bin/../libs/kafka-raft-3.2.1.jar:/home/emad/kafka/bin/../libs/kafka-server-common-3.2.1.jar:/home/emad/kafka/bin/../libs/kafka-shell-3.2.1.jar:/home/emad/kafka/bin/../libs/kafka-storage-3.2.1.jar:/home/emad/kafka/bin/../libs/kafka-storage-api-3.2.1.jar:/home/emad/kafka/bin/../libs/kafka-streams-3.2.1.jar:/home/emad/kafka/bin/../libs/kafka-streams-examples-3.2.1.jar:/home/emad/kafka/bin/../libs/kafka-streams-scala_2.13-3.2.1.jar:/home/emad/kafka/bin/../libs/kafka-streams-test-utils-3.2.1.jar:/home/emad/kafka/bin/../libs/kafka-tools-3.2.1.jar:/home/emad/kafka/bin/../libs/lz4-java-1.8.0.jar:/home/emad/kafka/bin/../libs/maven-artifact-3.8.4.jar:/home/emad/kafka/bin/../libs/metrics-core-2.2.0.jar:/home/emad/kafka/bin/../libs/metrics-core-4.1.12.1.jar:/home/emad/kafka/bin/../libs/netty-buffer-4.1.73.Final.jar:/home/emad/kafka/bin/../libs/netty-codec-4.1.73.Final.jar:/home/emad/kafka/bin/../libs/netty-common-4.1.73.Final.jar:/home/emad/kafka/bin/../libs/netty-handler-4.1.73.Final.jar:/home/emad/kafka/bin/../libs/netty-resolver-4.1.73.Final.jar:/home/emad/kafka/bin/../libs/netty-tcnative-classes-2.0.46.Final.jar:/home/emad/kafka/bin/../libs/netty-transport-4.1.73.Final.jar:/home/emad/kafka/bin/../libs/netty-transport-classes-epoll-4.1.73.Final.jar:/home/emad/kafka/bin/../libs/netty-transport-native-epoll-4.1.73.Final.jar:/home/emad/kafka/bin/../libs/netty-transport-native-unix-common-4.1.73.Final.jar:/home/emad/kafka/bin/../libs/osgi-resource-locator-1.0.3.jar:/home/emad/kafka/bin/../libs/paranamer-2.8.jar:/home/emad/kafka/bin/../libs/plexus-utils-3.3.0.jar:/home/emad/kafka/bin/../libs/reflections-0.9.12.jar:/home/emad/kafka/bin/../libs/reload4j-1.2.19.jar:/home/emad/kafka/bin/../libs/rocksdbjni-6.29.4.1.jar:/home/emad/kafka/bin/../libs/scala-collection-compat_2.13-2.6.0.jar:/home/emad/kafka/bin/../libs/scala-java8-compat_2.13-1.0.2.jar:/home/emad/kafka/bin/../libs/scala-library-2.13.8.jar:/home/emad/kafka/bin/../libs/scala-logging_2.13-3.9.4.jar:/home/emad/kafka/bin/../libs/scala-reflect-2.13.8.jar:/home/emad/kafka/bin/../libs/slf4j-api-1.7.36.jar:/home/emad/kafka/bin/../libs/slf4j-reload4j-1.7.36.jar:/home/emad/kafka/bin/../libs/snappy-java-1.1.8.4.jar:/home/emad/kafka/bin/../libs/trogdor-3.2.1.jar:/home/emad/kafka/bin/../libs/zookeeper-3.6.3.jar:/home/emad/kafka/bin/../libs/zookeeper-jute-3.6.3.jar:/home/emad/kafka/bin/../libs/zstd-jni-1.5.2-1.jar (org.apache.zookeeper.ZooKeeper)
[2022-09-25 15:02:04,109] INFO Client environment:java.library.path=/usr/java/packages/lib/amd64:/usr/lib/x86_64-linux-gnu/jni:/lib/x86_64-linux-gnu:/usr/lib/x86_64-linux-gnu:/usr/lib/jni:/lib:/usr/lib (org.apache.zookeeper.ZooKeeper)
[2022-09-25 15:02:04,109] INFO Client environment:java.io.tmpdir=/tmp (org.apache.zookeeper.ZooKeeper)
[2022-09-25 15:02:04,109] INFO Client environment:java.compiler=<NA> (org.apache.zookeeper.ZooKeeper)
[2022-09-25 15:02:04,109] INFO Client environment:os.name=Linux (org.apache.zookeeper.ZooKeeper)
[2022-09-25 15:02:04,109] INFO Client environment:os.arch=amd64 (org.apache.zookeeper.ZooKeeper)
[2022-09-25 15:02:04,109] INFO Client environment:os.version=5.15.0-48-generic (org.apache.zookeeper.ZooKeeper)
[2022-09-25 15:02:04,109] INFO Client environment:user.name=emad (org.apache.zookeeper.ZooKeeper)
[2022-09-25 15:02:04,109] INFO Client environment:user.home=/home/emad (org.apache.zookeeper.ZooKeeper)
[2022-09-25 15:02:04,109] INFO Client environment:user.dir=/home/emad/kafka (org.apache.zookeeper.ZooKeeper)
[2022-09-25 15:02:04,109] INFO Client environment:os.memory.free=1008MB (org.apache.zookeeper.ZooKeeper)
[2022-09-25 15:02:04,109] INFO Client environment:os.memory.max=1024MB (org.apache.zookeeper.ZooKeeper)
[2022-09-25 15:02:04,109] INFO Client environment:os.memory.total=1024MB (org.apache.zookeeper.ZooKeeper)
[2022-09-25 15:02:04,112] INFO Initiating client connection, connectString=localhost:2181 sessionTimeout=18000 watcher=kafka.zookeeper.ZooKeeperClient$ZooKeeperClientWatcher$@c730b35 (org.apache.zookeeper.ZooKeeper)
[2022-09-25 15:02:04,117] INFO jute.maxbuffer value is 4194304 Bytes (org.apache.zookeeper.ClientCnxnSocket)
[2022-09-25 15:02:04,123] INFO zookeeper.request.timeout value is 0. feature enabled=false (org.apache.zookeeper.ClientCnxn)
[2022-09-25 15:02:04,125] INFO [ZooKeeperClient Kafka server] Waiting until connected. (kafka.zookeeper.ZooKeeperClient)
[2022-09-25 15:02:04,125] INFO Opening socket connection to server localhost/127.0.0.1:2181. (org.apache.zookeeper.ClientCnxn)
[2022-09-25 15:02:04,129] INFO Socket connection established, initiating session, client: /127.0.0.1:34624, server: localhost/127.0.0.1:2181 (org.apache.zookeeper.ClientCnxn)
[2022-09-25 15:02:04,135] INFO Creating new log file: log.6c (org.apache.zookeeper.server.persistence.FileTxnLog)
[2022-09-25 15:02:04,145] INFO Session establishment complete on server localhost/127.0.0.1:2181, session id = 0x1000063b64d0000, negotiated timeout = 18000 (org.apache.zookeeper.ClientCnxn)
[2022-09-25 15:02:04,148] INFO [ZooKeeperClient Kafka server] Connected. (kafka.zookeeper.ZooKeeperClient)
[2022-09-25 15:02:04,258] INFO [feature-zk-node-event-process-thread]: Starting (kafka.server.FinalizedFeatureChangeListener$ChangeNotificationProcessorThread)
[2022-09-25 15:02:04,427] INFO Updated cache from existing <empty> to latest FinalizedFeaturesAndEpoch(features=Features{}, epoch=0). (kafka.server.FinalizedFeatureCache)
[2022-09-25 15:02:04,431] INFO Cluster ID = FnTYvbkJQm2MzIOUMSEIow (kafka.server.KafkaServer)
[2022-09-25 15:02:04,483] INFO KafkaConfig values: 
	advertised.listeners = null
	alter.config.policy.class.name = null
	alter.log.dirs.replication.quota.window.num = 11
	alter.log.dirs.replication.quota.window.size.seconds = 1
	authorizer.class.name = 
	auto.create.topics.enable = true
	auto.leader.rebalance.enable = true
	background.threads = 10
	broker.heartbeat.interval.ms = 2000
	broker.id = 0
	broker.id.generation.enable = true
	broker.rack = null
	broker.session.timeout.ms = 9000
	client.quota.callback.class = null
	compression.type = producer
	connection.failed.authentication.delay.ms = 100
	connections.max.idle.ms = 600000
	connections.max.reauth.ms = 0
	control.plane.listener.name = null
	controlled.shutdown.enable = true
	controlled.shutdown.max.retries = 3
	controlled.shutdown.retry.backoff.ms = 5000
	controller.listener.names = null
	controller.quorum.append.linger.ms = 25
	controller.quorum.election.backoff.max.ms = 1000
	controller.quorum.election.timeout.ms = 1000
	controller.quorum.fetch.timeout.ms = 2000
	controller.quorum.request.timeout.ms = 2000
	controller.quorum.retry.backoff.ms = 20
	controller.quorum.voters = []
	controller.quota.window.num = 11
	controller.quota.window.size.seconds = 1
	controller.socket.timeout.ms = 30000
	create.topic.policy.class.name = null
	default.replication.factor = 1
	delegation.token.expiry.check.interval.ms = 3600000
	delegation.token.expiry.time.ms = 86400000
	delegation.token.master.key = null
	delegation.token.max.lifetime.ms = 604800000
	delegation.token.secret.key = null
	delete.records.purgatory.purge.interval.requests = 1
	delete.topic.enable = true
	fetch.max.bytes = 57671680
	fetch.purgatory.purge.interval.requests = 1000
	group.initial.rebalance.delay.ms = 0
	group.max.session.timeout.ms = 1800000
	group.max.size = 2147483647
	group.min.session.timeout.ms = 6000
	initial.broker.registration.timeout.ms = 60000
	inter.broker.listener.name = null
	inter.broker.protocol.version = 3.2-IV0
	kafka.metrics.polling.interval.secs = 10
	kafka.metrics.reporters = []
	leader.imbalance.check.interval.seconds = 300
	leader.imbalance.per.broker.percentage = 10
	listener.security.protocol.map = PLAINTEXT:PLAINTEXT,SSL:SSL,SASL_PLAINTEXT:SASL_PLAINTEXT,SASL_SSL:SASL_SSL
	listeners = PLAINTEXT://:9092
	log.cleaner.backoff.ms = 15000
	log.cleaner.dedupe.buffer.size = 134217728
	log.cleaner.delete.retention.ms = 86400000
	log.cleaner.enable = true
	log.cleaner.io.buffer.load.factor = 0.9
	log.cleaner.io.buffer.size = 524288
	log.cleaner.io.max.bytes.per.second = 1.7976931348623157E308
	log.cleaner.max.compaction.lag.ms = 9223372036854775807
	log.cleaner.min.cleanable.ratio = 0.5
	log.cleaner.min.compaction.lag.ms = 0
	log.cleaner.threads = 1
	log.cleanup.policy = [delete]
	log.dir = /tmp/kafka-logs
	log.dirs = /tmp/kafka-logs
	log.flush.interval.messages = 9223372036854775807
	log.flush.interval.ms = null
	log.flush.offset.checkpoint.interval.ms = 60000
	log.flush.scheduler.interval.ms = 9223372036854775807
	log.flush.start.offset.checkpoint.interval.ms = 60000
	log.index.interval.bytes = 4096
	log.index.size.max.bytes = 10485760
	log.message.downconversion.enable = true
	log.message.format.version = 3.0-IV1
	log.message.timestamp.difference.max.ms = 9223372036854775807
	log.message.timestamp.type = CreateTime
	log.preallocate = false
	log.retention.bytes = -1
	log.retention.check.interval.ms = 300000
	log.retention.hours = 168
	log.retention.minutes = null
	log.retention.ms = null
	log.roll.hours = 168
	log.roll.jitter.hours = 0
	log.roll.jitter.ms = null
	log.roll.ms = null
	log.segment.bytes = 1073741824
	log.segment.delete.delay.ms = 60000
	max.connection.creation.rate = 2147483647
	max.connections = 2147483647
	max.connections.per.ip = 2147483647
	max.connections.per.ip.overrides = 
	max.incremental.fetch.session.cache.slots = 1000
	message.max.bytes = 1048588
	metadata.log.dir = null
	metadata.log.max.record.bytes.between.snapshots = 20971520
	metadata.log.segment.bytes = 1073741824
	metadata.log.segment.min.bytes = 8388608
	metadata.log.segment.ms = 604800000
	metadata.max.retention.bytes = -1
	metadata.max.retention.ms = 604800000
	metric.reporters = []
	metrics.num.samples = 2
	metrics.recording.level = INFO
	metrics.sample.window.ms = 30000
	min.insync.replicas = 1
	node.id = 0
	num.io.threads = 8
	num.network.threads = 3
	num.partitions = 1
	num.recovery.threads.per.data.dir = 1
	num.replica.alter.log.dirs.threads = null
	num.replica.fetchers = 1
	offset.metadata.max.bytes = 4096
	offsets.commit.required.acks = -1
	offsets.commit.timeout.ms = 5000
	offsets.load.buffer.size = 5242880
	offsets.retention.check.interval.ms = 600000
	offsets.retention.minutes = 10080
	offsets.topic.compression.codec = 0
	offsets.topic.num.partitions = 50
	offsets.topic.replication.factor = 1
	offsets.topic.segment.bytes = 104857600
	password.encoder.cipher.algorithm = AES/CBC/PKCS5Padding
	password.encoder.iterations = 4096
	password.encoder.key.length = 128
	password.encoder.keyfactory.algorithm = null
	password.encoder.old.secret = null
	password.encoder.secret = null
	principal.builder.class = class org.apache.kafka.common.security.authenticator.DefaultKafkaPrincipalBuilder
	process.roles = []
	producer.purgatory.purge.interval.requests = 1000
	queued.max.request.bytes = -1
	queued.max.requests = 500
	quota.window.num = 11
	quota.window.size.seconds = 1
	remote.log.index.file.cache.total.size.bytes = 1073741824
	remote.log.manager.task.interval.ms = 30000
	remote.log.manager.task.retry.backoff.max.ms = 30000
	remote.log.manager.task.retry.backoff.ms = 500
	remote.log.manager.task.retry.jitter = 0.2
	remote.log.manager.thread.pool.size = 10
	remote.log.metadata.manager.class.name = null
	remote.log.metadata.manager.class.path = null
	remote.log.metadata.manager.impl.prefix = null
	remote.log.metadata.manager.listener.name = null
	remote.log.reader.max.pending.tasks = 100
	remote.log.reader.threads = 10
	remote.log.storage.manager.class.name = null
	remote.log.storage.manager.class.path = null
	remote.log.storage.manager.impl.prefix = null
	remote.log.storage.system.enable = false
	replica.fetch.backoff.ms = 1000
	replica.fetch.max.bytes = 1048576
	replica.fetch.min.bytes = 1
	replica.fetch.response.max.bytes = 10485760
	replica.fetch.wait.max.ms = 500
	replica.high.watermark.checkpoint.interval.ms = 5000
	replica.lag.time.max.ms = 30000
	replica.selector.class = null
	replica.socket.receive.buffer.bytes = 65536
	replica.socket.timeout.ms = 30000
	replication.quota.window.num = 11
	replication.quota.window.size.seconds = 1
	request.timeout.ms = 30000
	reserved.broker.max.id = 1000
	sasl.client.callback.handler.class = null
	sasl.enabled.mechanisms = [GSSAPI]
	sasl.jaas.config = null
	sasl.kerberos.kinit.cmd = /usr/bin/kinit
	sasl.kerberos.min.time.before.relogin = 60000
	sasl.kerberos.principal.to.local.rules = [DEFAULT]
	sasl.kerberos.service.name = null
	sasl.kerberos.ticket.renew.jitter = 0.05
	sasl.kerberos.ticket.renew.window.factor = 0.8
	sasl.login.callback.handler.class = null
	sasl.login.class = null
	sasl.login.connect.timeout.ms = null
	sasl.login.read.timeout.ms = null
	sasl.login.refresh.buffer.seconds = 300
	sasl.login.refresh.min.period.seconds = 60
	sasl.login.refresh.window.factor = 0.8
	sasl.login.refresh.window.jitter = 0.05
	sasl.login.retry.backoff.max.ms = 10000
	sasl.login.retry.backoff.ms = 100
	sasl.mechanism.controller.protocol = GSSAPI
	sasl.mechanism.inter.broker.protocol = GSSAPI
	sasl.oauthbearer.clock.skew.seconds = 30
	sasl.oauthbearer.expected.audience = null
	sasl.oauthbearer.expected.issuer = null
	sasl.oauthbearer.jwks.endpoint.refresh.ms = 3600000
	sasl.oauthbearer.jwks.endpoint.retry.backoff.max.ms = 10000
	sasl.oauthbearer.jwks.endpoint.retry.backoff.ms = 100
	sasl.oauthbearer.jwks.endpoint.url = null
	sasl.oauthbearer.scope.claim.name = scope
	sasl.oauthbearer.sub.claim.name = sub
	sasl.oauthbearer.token.endpoint.url = null
	sasl.server.callback.handler.class = null
	security.inter.broker.protocol = PLAINTEXT
	security.providers = null
	socket.connection.setup.timeout.max.ms = 30000
	socket.connection.setup.timeout.ms = 10000
	socket.listen.backlog.size = 50
	socket.receive.buffer.bytes = 102400
	socket.request.max.bytes = 104857600
	socket.send.buffer.bytes = 102400
	ssl.cipher.suites = []
	ssl.client.auth = none
	ssl.enabled.protocols = [TLSv1.2]
	ssl.endpoint.identification.algorithm = https
	ssl.engine.factory.class = null
	ssl.key.password = null
	ssl.keymanager.algorithm = SunX509
	ssl.keystore.certificate.chain = null
	ssl.keystore.key = null
	ssl.keystore.location = null
	ssl.keystore.password = null
	ssl.keystore.type = JKS
	ssl.principal.mapping.rules = DEFAULT
	ssl.protocol = TLSv1.2
	ssl.provider = null
	ssl.secure.random.implementation = null
	ssl.trustmanager.algorithm = PKIX
	ssl.truststore.certificates = null
	ssl.truststore.location = null
	ssl.truststore.password = null
	ssl.truststore.type = JKS
	transaction.abort.timed.out.transaction.cleanup.interval.ms = 10000
	transaction.max.timeout.ms = 900000
	transaction.remove.expired.transaction.cleanup.interval.ms = 3600000
	transaction.state.log.load.buffer.size = 5242880
	transaction.state.log.min.isr = 1
	transaction.state.log.num.partitions = 50
	transaction.state.log.replication.factor = 1
	transaction.state.log.segment.bytes = 104857600
	transactional.id.expiration.ms = 604800000
	unclean.leader.election.enable = false
	zookeeper.clientCnxnSocket = null
	zookeeper.connect = localhost:2181
	zookeeper.connection.timeout.ms = 18000
	zookeeper.max.in.flight.requests = 10
	zookeeper.session.timeout.ms = 18000
	zookeeper.set.acl = false
	zookeeper.ssl.cipher.suites = null
	zookeeper.ssl.client.enable = false
	zookeeper.ssl.crl.enable = false
	zookeeper.ssl.enabled.protocols = null
	zookeeper.ssl.endpoint.identification.algorithm = HTTPS
	zookeeper.ssl.keystore.location = null
	zookeeper.ssl.keystore.password = null
	zookeeper.ssl.keystore.type = null
	zookeeper.ssl.ocsp.enable = false
	zookeeper.ssl.protocol = TLSv1.2
	zookeeper.ssl.truststore.location = null
	zookeeper.ssl.truststore.password = null
	zookeeper.ssl.truststore.type = null
 (kafka.server.KafkaConfig)
[2022-09-25 15:02:04,516] INFO [ThrottledChannelReaper-Fetch]: Starting (kafka.server.ClientQuotaManager$ThrottledChannelReaper)
[2022-09-25 15:02:04,517] INFO [ThrottledChannelReaper-Produce]: Starting (kafka.server.ClientQuotaManager$ThrottledChannelReaper)
[2022-09-25 15:02:04,518] INFO [ThrottledChannelReaper-Request]: Starting (kafka.server.ClientQuotaManager$ThrottledChannelReaper)
[2022-09-25 15:02:04,519] INFO [ThrottledChannelReaper-ControllerMutation]: Starting (kafka.server.ClientQuotaManager$ThrottledChannelReaper)
[2022-09-25 15:02:04,551] INFO Loading logs from log dirs ArraySeq(/tmp/kafka-logs) (kafka.log.LogManager)
[2022-09-25 15:02:04,553] INFO Skipping recovery for all logs in /tmp/kafka-logs since clean shutdown file was found (kafka.log.LogManager)
[2022-09-25 15:02:04,626] INFO Deleted producer state snapshot /tmp/kafka-logs/tweets-0/00000000000000000040.snapshot (kafka.log.SnapshotFile)
[2022-09-25 15:02:04,629] INFO [LogLoader partition=tweets-0, dir=/tmp/kafka-logs] Loading producer state till offset 150 with message format version 2 (kafka.log.UnifiedLog$)
[2022-09-25 15:02:04,630] INFO [LogLoader partition=tweets-0, dir=/tmp/kafka-logs] Reloading from producer snapshot and rebuilding producer state from offset 150 (kafka.log.UnifiedLog$)
[2022-09-25 15:02:04,632] INFO [ProducerStateManager partition=tweets-0] Loading producer state from snapshot file 'SnapshotFile(/tmp/kafka-logs/tweets-0/00000000000000000150.snapshot,150)' (kafka.log.ProducerStateManager)
[2022-09-25 15:02:04,637] INFO [LogLoader partition=tweets-0, dir=/tmp/kafka-logs] Producer state recovery took 7ms for snapshot load and 0ms for segment recovery from offset 150 (kafka.log.UnifiedLog$)
[2022-09-25 15:02:04,658] INFO Completed load of Log(dir=/tmp/kafka-logs/tweets-0, topicId=TtidQnvxRpSTk4Y42QiC5A, topic=tweets, partition=0, highWatermark=0, lastStableOffset=0, logStartOffset=0, logEndOffset=150) with 1 segments in 94ms (1/1 loaded in /tmp/kafka-logs) (kafka.log.LogManager)
[2022-09-25 15:02:04,660] INFO Loaded 1 logs in 109ms. (kafka.log.LogManager)
[2022-09-25 15:02:04,661] INFO Starting log cleanup with a period of 300000 ms. (kafka.log.LogManager)
[2022-09-25 15:02:04,662] INFO Starting log flusher with a default period of 9223372036854775807 ms. (kafka.log.LogManager)
[2022-09-25 15:02:04,965] INFO [BrokerToControllerChannelManager broker=0 name=forwarding]: Starting (kafka.server.BrokerToControllerRequestThread)
[2022-09-25 15:02:05,102] INFO Updated connection-accept-rate max connection creation rate to 2147483647 (kafka.network.ConnectionQuotas)
[2022-09-25 15:02:05,104] INFO Awaiting socket connections on 0.0.0.0:9092. (kafka.network.DataPlaneAcceptor)
[2022-09-25 15:02:05,132] INFO [SocketServer listenerType=ZK_BROKER, nodeId=0] Created data-plane acceptor and processors for endpoint : ListenerName(PLAINTEXT) (kafka.network.SocketServer)
[2022-09-25 15:02:05,145] INFO [BrokerToControllerChannelManager broker=0 name=alterPartition]: Starting (kafka.server.BrokerToControllerRequestThread)
[2022-09-25 15:02:05,171] INFO [ExpirationReaper-0-Produce]: Starting (kafka.server.DelayedOperationPurgatory$ExpiredOperationReaper)
[2022-09-25 15:02:05,172] INFO [ExpirationReaper-0-Fetch]: Starting (kafka.server.DelayedOperationPurgatory$ExpiredOperationReaper)
[2022-09-25 15:02:05,173] INFO [ExpirationReaper-0-DeleteRecords]: Starting (kafka.server.DelayedOperationPurgatory$ExpiredOperationReaper)
[2022-09-25 15:02:05,174] INFO [ExpirationReaper-0-ElectLeader]: Starting (kafka.server.DelayedOperationPurgatory$ExpiredOperationReaper)
[2022-09-25 15:02:05,198] INFO [LogDirFailureHandler]: Starting (kafka.server.ReplicaManager$LogDirFailureHandler)
[2022-09-25 15:02:05,251] INFO Creating /brokers/ids/0 (is it secure? false) (kafka.zk.KafkaZkClient)
[2022-09-25 15:02:05,271] ERROR Error while creating ephemeral at /brokers/ids/0, node already exists and owner '72057960360312832' does not match current session '72058022298189824' (kafka.zk.KafkaZkClient$CheckedEphemeral)
[2022-09-25 15:02:05,277] ERROR [KafkaServer id=0] Fatal error during KafkaServer startup. Prepare to shutdown (kafka.server.KafkaServer)
org.apache.zookeeper.KeeperException$NodeExistsException: KeeperErrorCode = NodeExists
	at org.apache.zookeeper.KeeperException.create(KeeperException.java:126)
	at kafka.zk.KafkaZkClient$CheckedEphemeral.getAfterNodeExists(KafkaZkClient.scala:1903)
	at kafka.zk.KafkaZkClient$CheckedEphemeral.create(KafkaZkClient.scala:1841)
	at kafka.zk.KafkaZkClient.checkedEphemeralCreate(KafkaZkClient.scala:1808)
	at kafka.zk.KafkaZkClient.registerBroker(KafkaZkClient.scala:96)
	at kafka.server.KafkaServer.startup(KafkaServer.scala:332)
	at kafka.Kafka$.main(Kafka.scala:109)
	at kafka.Kafka.main(Kafka.scala)
[2022-09-25 15:02:05,278] INFO [KafkaServer id=0] shutting down (kafka.server.KafkaServer)
[2022-09-25 15:02:05,279] INFO [SocketServer listenerType=ZK_BROKER, nodeId=0] Stopping socket server request processors (kafka.network.SocketServer)
[2022-09-25 15:02:05,282] INFO [SocketServer listenerType=ZK_BROKER, nodeId=0] Stopped socket server request processors (kafka.network.SocketServer)
[2022-09-25 15:02:05,285] INFO [ReplicaManager broker=0] Shutting down (kafka.server.ReplicaManager)
[2022-09-25 15:02:05,286] INFO [LogDirFailureHandler]: Shutting down (kafka.server.ReplicaManager$LogDirFailureHandler)
[2022-09-25 15:02:05,286] INFO [LogDirFailureHandler]: Shutdown completed (kafka.server.ReplicaManager$LogDirFailureHandler)
[2022-09-25 15:02:05,286] INFO [LogDirFailureHandler]: Stopped (kafka.server.ReplicaManager$LogDirFailureHandler)
[2022-09-25 15:02:05,286] INFO [ReplicaFetcherManager on broker 0] shutting down (kafka.server.ReplicaFetcherManager)
[2022-09-25 15:02:05,287] INFO [ReplicaFetcherManager on broker 0] shutdown completed (kafka.server.ReplicaFetcherManager)
[2022-09-25 15:02:05,297] INFO [ReplicaAlterLogDirsManager on broker 0] shutting down (kafka.server.ReplicaAlterLogDirsManager)
[2022-09-25 15:02:05,302] INFO [ReplicaAlterLogDirsManager on broker 0] shutdown completed (kafka.server.ReplicaAlterLogDirsManager)
[2022-09-25 15:02:05,302] INFO [ExpirationReaper-0-Fetch]: Shutting down (kafka.server.DelayedOperationPurgatory$ExpiredOperationReaper)
[2022-09-25 15:02:05,304] INFO [ExpirationReaper-0-Fetch]: Stopped (kafka.server.DelayedOperationPurgatory$ExpiredOperationReaper)
[2022-09-25 15:02:05,304] INFO [ExpirationReaper-0-Fetch]: Shutdown completed (kafka.server.DelayedOperationPurgatory$ExpiredOperationReaper)
[2022-09-25 15:02:05,304] INFO [ExpirationReaper-0-Produce]: Shutting down (kafka.server.DelayedOperationPurgatory$ExpiredOperationReaper)
[2022-09-25 15:02:05,305] INFO [ExpirationReaper-0-Produce]: Stopped (kafka.server.DelayedOperationPurgatory$ExpiredOperationReaper)
[2022-09-25 15:02:05,305] INFO [ExpirationReaper-0-Produce]: Shutdown completed (kafka.server.DelayedOperationPurgatory$ExpiredOperationReaper)
[2022-09-25 15:02:05,305] INFO [ExpirationReaper-0-DeleteRecords]: Shutting down (kafka.server.DelayedOperationPurgatory$ExpiredOperationReaper)
[2022-09-25 15:02:05,305] INFO [ExpirationReaper-0-DeleteRecords]: Stopped (kafka.server.DelayedOperationPurgatory$ExpiredOperationReaper)
[2022-09-25 15:02:05,305] INFO [ExpirationReaper-0-DeleteRecords]: Shutdown completed (kafka.server.DelayedOperationPurgatory$ExpiredOperationReaper)
[2022-09-25 15:02:05,306] INFO [ExpirationReaper-0-ElectLeader]: Shutting down (kafka.server.DelayedOperationPurgatory$ExpiredOperationReaper)
[2022-09-25 15:02:05,306] INFO [ExpirationReaper-0-ElectLeader]: Stopped (kafka.server.DelayedOperationPurgatory$ExpiredOperationReaper)
[2022-09-25 15:02:05,306] INFO [ExpirationReaper-0-ElectLeader]: Shutdown completed (kafka.server.DelayedOperationPurgatory$ExpiredOperationReaper)
[2022-09-25 15:02:05,320] INFO [ReplicaManager broker=0] Shut down completely (kafka.server.ReplicaManager)
[2022-09-25 15:02:05,322] INFO [BrokerToControllerChannelManager broker=0 name=alterPartition]: Shutting down (kafka.server.BrokerToControllerRequestThread)
[2022-09-25 15:02:05,322] INFO [BrokerToControllerChannelManager broker=0 name=alterPartition]: Stopped (kafka.server.BrokerToControllerRequestThread)
[2022-09-25 15:02:05,322] INFO [BrokerToControllerChannelManager broker=0 name=alterPartition]: Shutdown completed (kafka.server.BrokerToControllerRequestThread)
[2022-09-25 15:02:05,330] INFO Broker to controller channel manager for alterPartition shutdown (kafka.server.BrokerToControllerChannelManagerImpl)
[2022-09-25 15:02:05,330] INFO [BrokerToControllerChannelManager broker=0 name=forwarding]: Shutting down (kafka.server.BrokerToControllerRequestThread)
[2022-09-25 15:02:05,330] INFO [BrokerToControllerChannelManager broker=0 name=forwarding]: Stopped (kafka.server.BrokerToControllerRequestThread)
[2022-09-25 15:02:05,330] INFO [BrokerToControllerChannelManager broker=0 name=forwarding]: Shutdown completed (kafka.server.BrokerToControllerRequestThread)
[2022-09-25 15:02:05,331] INFO Broker to controller channel manager for forwarding shutdown (kafka.server.BrokerToControllerChannelManagerImpl)
[2022-09-25 15:02:05,332] INFO Shutting down. (kafka.log.LogManager)
[2022-09-25 15:02:05,372] INFO Shutdown complete. (kafka.log.LogManager)
[2022-09-25 15:02:05,372] INFO [feature-zk-node-event-process-thread]: Shutting down (kafka.server.FinalizedFeatureChangeListener$ChangeNotificationProcessorThread)
[2022-09-25 15:02:05,372] INFO [feature-zk-node-event-process-thread]: Stopped (kafka.server.FinalizedFeatureChangeListener$ChangeNotificationProcessorThread)
[2022-09-25 15:02:05,372] INFO [feature-zk-node-event-process-thread]: Shutdown completed (kafka.server.FinalizedFeatureChangeListener$ChangeNotificationProcessorThread)
[2022-09-25 15:02:05,373] INFO [ZooKeeperClient Kafka server] Closing. (kafka.zookeeper.ZooKeeperClient)
[2022-09-25 15:02:05,477] INFO Session: 0x1000063b64d0000 closed (org.apache.zookeeper.ZooKeeper)
[2022-09-25 15:02:05,477] INFO EventThread shut down for session: 0x1000063b64d0000 (org.apache.zookeeper.ClientCnxn)
[2022-09-25 15:02:05,478] INFO [ZooKeeperClient Kafka server] Closed. (kafka.zookeeper.ZooKeeperClient)
[2022-09-25 15:02:05,478] INFO [ThrottledChannelReaper-Fetch]: Shutting down (kafka.server.ClientQuotaManager$ThrottledChannelReaper)
[2022-09-25 15:02:05,479] INFO [ThrottledChannelReaper-Fetch]: Stopped (kafka.server.ClientQuotaManager$ThrottledChannelReaper)
[2022-09-25 15:02:05,479] INFO [ThrottledChannelReaper-Fetch]: Shutdown completed (kafka.server.ClientQuotaManager$ThrottledChannelReaper)
[2022-09-25 15:02:05,479] INFO [ThrottledChannelReaper-Produce]: Shutting down (kafka.server.ClientQuotaManager$ThrottledChannelReaper)
[2022-09-25 15:02:05,480] INFO [ThrottledChannelReaper-Produce]: Stopped (kafka.server.ClientQuotaManager$ThrottledChannelReaper)
[2022-09-25 15:02:05,480] INFO [ThrottledChannelReaper-Produce]: Shutdown completed (kafka.server.ClientQuotaManager$ThrottledChannelReaper)
[2022-09-25 15:02:05,480] INFO [ThrottledChannelReaper-Request]: Shutting down (kafka.server.ClientQuotaManager$ThrottledChannelReaper)
[2022-09-25 15:02:05,480] INFO [ThrottledChannelReaper-Request]: Stopped (kafka.server.ClientQuotaManager$ThrottledChannelReaper)
[2022-09-25 15:02:05,480] INFO [ThrottledChannelReaper-Request]: Shutdown completed (kafka.server.ClientQuotaManager$ThrottledChannelReaper)
[2022-09-25 15:02:05,480] INFO [ThrottledChannelReaper-ControllerMutation]: Shutting down (kafka.server.ClientQuotaManager$ThrottledChannelReaper)
[2022-09-25 15:02:05,480] INFO [ThrottledChannelReaper-ControllerMutation]: Stopped (kafka.server.ClientQuotaManager$ThrottledChannelReaper)
[2022-09-25 15:02:05,480] INFO [ThrottledChannelReaper-ControllerMutation]: Shutdown completed (kafka.server.ClientQuotaManager$ThrottledChannelReaper)
[2022-09-25 15:02:05,481] INFO [SocketServer listenerType=ZK_BROKER, nodeId=0] Shutting down socket server (kafka.network.SocketServer)
[2022-09-25 15:02:05,514] INFO [SocketServer listenerType=ZK_BROKER, nodeId=0] Shutdown completed (kafka.network.SocketServer)
[2022-09-25 15:02:05,515] INFO Metrics scheduler closed (org.apache.kafka.common.metrics.Metrics)
[2022-09-25 15:02:05,515] INFO Closing reporter org.apache.kafka.common.metrics.JmxReporter (org.apache.kafka.common.metrics.Metrics)
[2022-09-25 15:02:05,515] INFO Metrics reporters closed (org.apache.kafka.common.metrics.Metrics)
[2022-09-25 15:02:05,518] INFO Broker and topic stats closed (kafka.server.BrokerTopicStats)
[2022-09-25 15:02:05,521] INFO App info kafka.server for 0 unregistered (org.apache.kafka.common.utils.AppInfoParser)
[2022-09-25 15:02:05,521] INFO [KafkaServer id=0] shut down completed (kafka.server.KafkaServer)
[2022-09-25 15:02:05,521] ERROR Exiting Kafka. (kafka.Kafka$)
[2022-09-25 15:02:05,522] INFO [KafkaServer id=0] shutting down (kafka.server.KafkaServer)
[2022-09-25 15:02:15,703] INFO Expiring session 0x10000554a840000, timeout of 18000ms exceeded (org.apache.zookeeper.server.ZooKeeperServer)
[2022-09-25 15:02:27,416] INFO Registered kafka:type=kafka.Log4jController MBean (kafka.utils.Log4jControllerRegistration$)
[2022-09-25 15:02:27,701] INFO Setting -D jdk.tls.rejectClientInitiatedRenegotiation=true to disable client-initiated TLS renegotiation (org.apache.zookeeper.common.X509Util)
[2022-09-25 15:02:27,790] INFO Registered signal handlers for TERM, INT, HUP (org.apache.kafka.common.utils.LoggingSignalHandler)
[2022-09-25 15:02:27,793] INFO starting (kafka.server.KafkaServer)
[2022-09-25 15:02:27,794] INFO Connecting to zookeeper on localhost:2181 (kafka.server.KafkaServer)
[2022-09-25 15:02:27,807] INFO [ZooKeeperClient Kafka server] Initializing a new session to localhost:2181. (kafka.zookeeper.ZooKeeperClient)
[2022-09-25 15:02:27,812] INFO Client environment:zookeeper.version=3.6.3--6401e4ad2087061bc6b9f80dec2d69f2e3c8660a, built on 04/08/2021 16:35 GMT (org.apache.zookeeper.ZooKeeper)
[2022-09-25 15:02:27,812] INFO Client environment:host.name=emad-ideapad-520 (org.apache.zookeeper.ZooKeeper)
[2022-09-25 15:02:27,812] INFO Client environment:java.version=1.8.0_342 (org.apache.zookeeper.ZooKeeper)
[2022-09-25 15:02:27,812] INFO Client environment:java.vendor=Private Build (org.apache.zookeeper.ZooKeeper)
[2022-09-25 15:02:27,812] INFO Client environment:java.home=/usr/lib/jvm/java-8-openjdk-amd64/jre (org.apache.zookeeper.ZooKeeper)
[2022-09-25 15:02:27,813] INFO Client environment:java.class.path=/home/emad/kafka/bin/../libs/activation-1.1.1.jar:/home/emad/kafka/bin/../libs/aopalliance-repackaged-2.6.1.jar:/home/emad/kafka/bin/../libs/argparse4j-0.7.0.jar:/home/emad/kafka/bin/../libs/audience-annotations-0.5.0.jar:/home/emad/kafka/bin/../libs/commons-cli-1.4.jar:/home/emad/kafka/bin/../libs/commons-lang3-3.8.1.jar:/home/emad/kafka/bin/../libs/connect-api-3.2.1.jar:/home/emad/kafka/bin/../libs/connect-basic-auth-extension-3.2.1.jar:/home/emad/kafka/bin/../libs/connect-json-3.2.1.jar:/home/emad/kafka/bin/../libs/connect-mirror-3.2.1.jar:/home/emad/kafka/bin/../libs/connect-mirror-client-3.2.1.jar:/home/emad/kafka/bin/../libs/connect-runtime-3.2.1.jar:/home/emad/kafka/bin/../libs/connect-transforms-3.2.1.jar:/home/emad/kafka/bin/../libs/hk2-api-2.6.1.jar:/home/emad/kafka/bin/../libs/hk2-locator-2.6.1.jar:/home/emad/kafka/bin/../libs/hk2-utils-2.6.1.jar:/home/emad/kafka/bin/../libs/jackson-annotations-2.12.6.jar:/home/emad/kafka/bin/../libs/jackson-core-2.12.6.jar:/home/emad/kafka/bin/../libs/jackson-databind-2.12.6.1.jar:/home/emad/kafka/bin/../libs/jackson-dataformat-csv-2.12.6.jar:/home/emad/kafka/bin/../libs/jackson-datatype-jdk8-2.12.6.jar:/home/emad/kafka/bin/../libs/jackson-jaxrs-base-2.12.6.jar:/home/emad/kafka/bin/../libs/jackson-jaxrs-json-provider-2.12.6.jar:/home/emad/kafka/bin/../libs/jackson-module-jaxb-annotations-2.12.6.jar:/home/emad/kafka/bin/../libs/jackson-module-scala_2.13-2.12.6.jar:/home/emad/kafka/bin/../libs/jakarta.activation-api-1.2.1.jar:/home/emad/kafka/bin/../libs/jakarta.annotation-api-1.3.5.jar:/home/emad/kafka/bin/../libs/jakarta.inject-2.6.1.jar:/home/emad/kafka/bin/../libs/jakarta.validation-api-2.0.2.jar:/home/emad/kafka/bin/../libs/jakarta.ws.rs-api-2.1.6.jar:/home/emad/kafka/bin/../libs/jakarta.xml.bind-api-2.3.2.jar:/home/emad/kafka/bin/../libs/javassist-3.27.0-GA.jar:/home/emad/kafka/bin/../libs/javax.servlet-api-3.1.0.jar:/home/emad/kafka/bin/../libs/javax.ws.rs-api-2.1.1.jar:/home/emad/kafka/bin/../libs/jaxb-api-2.3.0.jar:/home/emad/kafka/bin/../libs/jersey-client-2.34.jar:/home/emad/kafka/bin/../libs/jersey-common-2.34.jar:/home/emad/kafka/bin/../libs/jersey-container-servlet-2.34.jar:/home/emad/kafka/bin/../libs/jersey-container-servlet-core-2.34.jar:/home/emad/kafka/bin/../libs/jersey-hk2-2.34.jar:/home/emad/kafka/bin/../libs/jersey-server-2.34.jar:/home/emad/kafka/bin/../libs/jetty-client-9.4.44.v20210927.jar:/home/emad/kafka/bin/../libs/jetty-continuation-9.4.44.v20210927.jar:/home/emad/kafka/bin/../libs/jetty-http-9.4.44.v20210927.jar:/home/emad/kafka/bin/../libs/jetty-io-9.4.44.v20210927.jar:/home/emad/kafka/bin/../libs/jetty-security-9.4.44.v20210927.jar:/home/emad/kafka/bin/../libs/jetty-server-9.4.44.v20210927.jar:/home/emad/kafka/bin/../libs/jetty-servlet-9.4.44.v20210927.jar:/home/emad/kafka/bin/../libs/jetty-servlets-9.4.44.v20210927.jar:/home/emad/kafka/bin/../libs/jetty-util-9.4.44.v20210927.jar:/home/emad/kafka/bin/../libs/jetty-util-ajax-9.4.44.v20210927.jar:/home/emad/kafka/bin/../libs/jline-3.21.0.jar:/home/emad/kafka/bin/../libs/jopt-simple-5.0.4.jar:/home/emad/kafka/bin/../libs/jose4j-0.7.9.jar:/home/emad/kafka/bin/../libs/kafka_2.13-3.2.1.jar:/home/emad/kafka/bin/../libs/kafka-clients-3.2.1.jar:/home/emad/kafka/bin/../libs/kafka-log4j-appender-3.2.1.jar:/home/emad/kafka/bin/../libs/kafka-metadata-3.2.1.jar:/home/emad/kafka/bin/../libs/kafka-raft-3.2.1.jar:/home/emad/kafka/bin/../libs/kafka-server-common-3.2.1.jar:/home/emad/kafka/bin/../libs/kafka-shell-3.2.1.jar:/home/emad/kafka/bin/../libs/kafka-storage-3.2.1.jar:/home/emad/kafka/bin/../libs/kafka-storage-api-3.2.1.jar:/home/emad/kafka/bin/../libs/kafka-streams-3.2.1.jar:/home/emad/kafka/bin/../libs/kafka-streams-examples-3.2.1.jar:/home/emad/kafka/bin/../libs/kafka-streams-scala_2.13-3.2.1.jar:/home/emad/kafka/bin/../libs/kafka-streams-test-utils-3.2.1.jar:/home/emad/kafka/bin/../libs/kafka-tools-3.2.1.jar:/home/emad/kafka/bin/../libs/lz4-java-1.8.0.jar:/home/emad/kafka/bin/../libs/maven-artifact-3.8.4.jar:/home/emad/kafka/bin/../libs/metrics-core-2.2.0.jar:/home/emad/kafka/bin/../libs/metrics-core-4.1.12.1.jar:/home/emad/kafka/bin/../libs/netty-buffer-4.1.73.Final.jar:/home/emad/kafka/bin/../libs/netty-codec-4.1.73.Final.jar:/home/emad/kafka/bin/../libs/netty-common-4.1.73.Final.jar:/home/emad/kafka/bin/../libs/netty-handler-4.1.73.Final.jar:/home/emad/kafka/bin/../libs/netty-resolver-4.1.73.Final.jar:/home/emad/kafka/bin/../libs/netty-tcnative-classes-2.0.46.Final.jar:/home/emad/kafka/bin/../libs/netty-transport-4.1.73.Final.jar:/home/emad/kafka/bin/../libs/netty-transport-classes-epoll-4.1.73.Final.jar:/home/emad/kafka/bin/../libs/netty-transport-native-epoll-4.1.73.Final.jar:/home/emad/kafka/bin/../libs/netty-transport-native-unix-common-4.1.73.Final.jar:/home/emad/kafka/bin/../libs/osgi-resource-locator-1.0.3.jar:/home/emad/kafka/bin/../libs/paranamer-2.8.jar:/home/emad/kafka/bin/../libs/plexus-utils-3.3.0.jar:/home/emad/kafka/bin/../libs/reflections-0.9.12.jar:/home/emad/kafka/bin/../libs/reload4j-1.2.19.jar:/home/emad/kafka/bin/../libs/rocksdbjni-6.29.4.1.jar:/home/emad/kafka/bin/../libs/scala-collection-compat_2.13-2.6.0.jar:/home/emad/kafka/bin/../libs/scala-java8-compat_2.13-1.0.2.jar:/home/emad/kafka/bin/../libs/scala-library-2.13.8.jar:/home/emad/kafka/bin/../libs/scala-logging_2.13-3.9.4.jar:/home/emad/kafka/bin/../libs/scala-reflect-2.13.8.jar:/home/emad/kafka/bin/../libs/slf4j-api-1.7.36.jar:/home/emad/kafka/bin/../libs/slf4j-reload4j-1.7.36.jar:/home/emad/kafka/bin/../libs/snappy-java-1.1.8.4.jar:/home/emad/kafka/bin/../libs/trogdor-3.2.1.jar:/home/emad/kafka/bin/../libs/zookeeper-3.6.3.jar:/home/emad/kafka/bin/../libs/zookeeper-jute-3.6.3.jar:/home/emad/kafka/bin/../libs/zstd-jni-1.5.2-1.jar (org.apache.zookeeper.ZooKeeper)
[2022-09-25 15:02:27,814] INFO Client environment:java.library.path=/usr/java/packages/lib/amd64:/usr/lib/x86_64-linux-gnu/jni:/lib/x86_64-linux-gnu:/usr/lib/x86_64-linux-gnu:/usr/lib/jni:/lib:/usr/lib (org.apache.zookeeper.ZooKeeper)
[2022-09-25 15:02:27,814] INFO Client environment:java.io.tmpdir=/tmp (org.apache.zookeeper.ZooKeeper)
[2022-09-25 15:02:27,814] INFO Client environment:java.compiler=<NA> (org.apache.zookeeper.ZooKeeper)
[2022-09-25 15:02:27,814] INFO Client environment:os.name=Linux (org.apache.zookeeper.ZooKeeper)
[2022-09-25 15:02:27,814] INFO Client environment:os.arch=amd64 (org.apache.zookeeper.ZooKeeper)
[2022-09-25 15:02:27,814] INFO Client environment:os.version=5.15.0-48-generic (org.apache.zookeeper.ZooKeeper)
[2022-09-25 15:02:27,814] INFO Client environment:user.name=emad (org.apache.zookeeper.ZooKeeper)
[2022-09-25 15:02:27,814] INFO Client environment:user.home=/home/emad (org.apache.zookeeper.ZooKeeper)
[2022-09-25 15:02:27,814] INFO Client environment:user.dir=/home/emad/kafka (org.apache.zookeeper.ZooKeeper)
[2022-09-25 15:02:27,814] INFO Client environment:os.memory.free=1008MB (org.apache.zookeeper.ZooKeeper)
[2022-09-25 15:02:27,815] INFO Client environment:os.memory.max=1024MB (org.apache.zookeeper.ZooKeeper)
[2022-09-25 15:02:27,815] INFO Client environment:os.memory.total=1024MB (org.apache.zookeeper.ZooKeeper)
[2022-09-25 15:02:27,817] INFO Initiating client connection, connectString=localhost:2181 sessionTimeout=18000 watcher=kafka.zookeeper.ZooKeeperClient$ZooKeeperClientWatcher$@c730b35 (org.apache.zookeeper.ZooKeeper)
[2022-09-25 15:02:27,823] INFO jute.maxbuffer value is 4194304 Bytes (org.apache.zookeeper.ClientCnxnSocket)
[2022-09-25 15:02:27,829] INFO zookeeper.request.timeout value is 0. feature enabled=false (org.apache.zookeeper.ClientCnxn)
[2022-09-25 15:02:27,830] INFO [ZooKeeperClient Kafka server] Waiting until connected. (kafka.zookeeper.ZooKeeperClient)
[2022-09-25 15:02:27,831] INFO Opening socket connection to server localhost/127.0.0.1:2181. (org.apache.zookeeper.ClientCnxn)
[2022-09-25 15:02:27,834] INFO Socket connection established, initiating session, client: /127.0.0.1:50122, server: localhost/127.0.0.1:2181 (org.apache.zookeeper.ClientCnxn)
[2022-09-25 15:02:27,841] INFO Session establishment complete on server localhost/127.0.0.1:2181, session id = 0x1000063b64d0001, negotiated timeout = 18000 (org.apache.zookeeper.ClientCnxn)
[2022-09-25 15:02:27,844] INFO [ZooKeeperClient Kafka server] Connected. (kafka.zookeeper.ZooKeeperClient)
[2022-09-25 15:02:27,926] INFO [feature-zk-node-event-process-thread]: Starting (kafka.server.FinalizedFeatureChangeListener$ChangeNotificationProcessorThread)
[2022-09-25 15:02:28,068] INFO Updated cache from existing <empty> to latest FinalizedFeaturesAndEpoch(features=Features{}, epoch=0). (kafka.server.FinalizedFeatureCache)
[2022-09-25 15:02:28,072] INFO Cluster ID = FnTYvbkJQm2MzIOUMSEIow (kafka.server.KafkaServer)
[2022-09-25 15:02:28,123] INFO KafkaConfig values: 
	advertised.listeners = null
	alter.config.policy.class.name = null
	alter.log.dirs.replication.quota.window.num = 11
	alter.log.dirs.replication.quota.window.size.seconds = 1
	authorizer.class.name = 
	auto.create.topics.enable = true
	auto.leader.rebalance.enable = true
	background.threads = 10
	broker.heartbeat.interval.ms = 2000
	broker.id = 0
	broker.id.generation.enable = true
	broker.rack = null
	broker.session.timeout.ms = 9000
	client.quota.callback.class = null
	compression.type = producer
	connection.failed.authentication.delay.ms = 100
	connections.max.idle.ms = 600000
	connections.max.reauth.ms = 0
	control.plane.listener.name = null
	controlled.shutdown.enable = true
	controlled.shutdown.max.retries = 3
	controlled.shutdown.retry.backoff.ms = 5000
	controller.listener.names = null
	controller.quorum.append.linger.ms = 25
	controller.quorum.election.backoff.max.ms = 1000
	controller.quorum.election.timeout.ms = 1000
	controller.quorum.fetch.timeout.ms = 2000
	controller.quorum.request.timeout.ms = 2000
	controller.quorum.retry.backoff.ms = 20
	controller.quorum.voters = []
	controller.quota.window.num = 11
	controller.quota.window.size.seconds = 1
	controller.socket.timeout.ms = 30000
	create.topic.policy.class.name = null
	default.replication.factor = 1
	delegation.token.expiry.check.interval.ms = 3600000
	delegation.token.expiry.time.ms = 86400000
	delegation.token.master.key = null
	delegation.token.max.lifetime.ms = 604800000
	delegation.token.secret.key = null
	delete.records.purgatory.purge.interval.requests = 1
	delete.topic.enable = true
	fetch.max.bytes = 57671680
	fetch.purgatory.purge.interval.requests = 1000
	group.initial.rebalance.delay.ms = 0
	group.max.session.timeout.ms = 1800000
	group.max.size = 2147483647
	group.min.session.timeout.ms = 6000
	initial.broker.registration.timeout.ms = 60000
	inter.broker.listener.name = null
	inter.broker.protocol.version = 3.2-IV0
	kafka.metrics.polling.interval.secs = 10
	kafka.metrics.reporters = []
	leader.imbalance.check.interval.seconds = 300
	leader.imbalance.per.broker.percentage = 10
	listener.security.protocol.map = PLAINTEXT:PLAINTEXT,SSL:SSL,SASL_PLAINTEXT:SASL_PLAINTEXT,SASL_SSL:SASL_SSL
	listeners = PLAINTEXT://:9092
	log.cleaner.backoff.ms = 15000
	log.cleaner.dedupe.buffer.size = 134217728
	log.cleaner.delete.retention.ms = 86400000
	log.cleaner.enable = true
	log.cleaner.io.buffer.load.factor = 0.9
	log.cleaner.io.buffer.size = 524288
	log.cleaner.io.max.bytes.per.second = 1.7976931348623157E308
	log.cleaner.max.compaction.lag.ms = 9223372036854775807
	log.cleaner.min.cleanable.ratio = 0.5
	log.cleaner.min.compaction.lag.ms = 0
	log.cleaner.threads = 1
	log.cleanup.policy = [delete]
	log.dir = /tmp/kafka-logs
	log.dirs = /tmp/kafka-logs
	log.flush.interval.messages = 9223372036854775807
	log.flush.interval.ms = null
	log.flush.offset.checkpoint.interval.ms = 60000
	log.flush.scheduler.interval.ms = 9223372036854775807
	log.flush.start.offset.checkpoint.interval.ms = 60000
	log.index.interval.bytes = 4096
	log.index.size.max.bytes = 10485760
	log.message.downconversion.enable = true
	log.message.format.version = 3.0-IV1
	log.message.timestamp.difference.max.ms = 9223372036854775807
	log.message.timestamp.type = CreateTime
	log.preallocate = false
	log.retention.bytes = -1
	log.retention.check.interval.ms = 300000
	log.retention.hours = 168
	log.retention.minutes = null
	log.retention.ms = null
	log.roll.hours = 168
	log.roll.jitter.hours = 0
	log.roll.jitter.ms = null
	log.roll.ms = null
	log.segment.bytes = 1073741824
	log.segment.delete.delay.ms = 60000
	max.connection.creation.rate = 2147483647
	max.connections = 2147483647
	max.connections.per.ip = 2147483647
	max.connections.per.ip.overrides = 
	max.incremental.fetch.session.cache.slots = 1000
	message.max.bytes = 1048588
	metadata.log.dir = null
	metadata.log.max.record.bytes.between.snapshots = 20971520
	metadata.log.segment.bytes = 1073741824
	metadata.log.segment.min.bytes = 8388608
	metadata.log.segment.ms = 604800000
	metadata.max.retention.bytes = -1
	metadata.max.retention.ms = 604800000
	metric.reporters = []
	metrics.num.samples = 2
	metrics.recording.level = INFO
	metrics.sample.window.ms = 30000
	min.insync.replicas = 1
	node.id = 0
	num.io.threads = 8
	num.network.threads = 3
	num.partitions = 1
	num.recovery.threads.per.data.dir = 1
	num.replica.alter.log.dirs.threads = null
	num.replica.fetchers = 1
	offset.metadata.max.bytes = 4096
	offsets.commit.required.acks = -1
	offsets.commit.timeout.ms = 5000
	offsets.load.buffer.size = 5242880
	offsets.retention.check.interval.ms = 600000
	offsets.retention.minutes = 10080
	offsets.topic.compression.codec = 0
	offsets.topic.num.partitions = 50
	offsets.topic.replication.factor = 1
	offsets.topic.segment.bytes = 104857600
	password.encoder.cipher.algorithm = AES/CBC/PKCS5Padding
	password.encoder.iterations = 4096
	password.encoder.key.length = 128
	password.encoder.keyfactory.algorithm = null
	password.encoder.old.secret = null
	password.encoder.secret = null
	principal.builder.class = class org.apache.kafka.common.security.authenticator.DefaultKafkaPrincipalBuilder
	process.roles = []
	producer.purgatory.purge.interval.requests = 1000
	queued.max.request.bytes = -1
	queued.max.requests = 500
	quota.window.num = 11
	quota.window.size.seconds = 1
	remote.log.index.file.cache.total.size.bytes = 1073741824
	remote.log.manager.task.interval.ms = 30000
	remote.log.manager.task.retry.backoff.max.ms = 30000
	remote.log.manager.task.retry.backoff.ms = 500
	remote.log.manager.task.retry.jitter = 0.2
	remote.log.manager.thread.pool.size = 10
	remote.log.metadata.manager.class.name = null
	remote.log.metadata.manager.class.path = null
	remote.log.metadata.manager.impl.prefix = null
	remote.log.metadata.manager.listener.name = null
	remote.log.reader.max.pending.tasks = 100
	remote.log.reader.threads = 10
	remote.log.storage.manager.class.name = null
	remote.log.storage.manager.class.path = null
	remote.log.storage.manager.impl.prefix = null
	remote.log.storage.system.enable = false
	replica.fetch.backoff.ms = 1000
	replica.fetch.max.bytes = 1048576
	replica.fetch.min.bytes = 1
	replica.fetch.response.max.bytes = 10485760
	replica.fetch.wait.max.ms = 500
	replica.high.watermark.checkpoint.interval.ms = 5000
	replica.lag.time.max.ms = 30000
	replica.selector.class = null
	replica.socket.receive.buffer.bytes = 65536
	replica.socket.timeout.ms = 30000
	replication.quota.window.num = 11
	replication.quota.window.size.seconds = 1
	request.timeout.ms = 30000
	reserved.broker.max.id = 1000
	sasl.client.callback.handler.class = null
	sasl.enabled.mechanisms = [GSSAPI]
	sasl.jaas.config = null
	sasl.kerberos.kinit.cmd = /usr/bin/kinit
	sasl.kerberos.min.time.before.relogin = 60000
	sasl.kerberos.principal.to.local.rules = [DEFAULT]
	sasl.kerberos.service.name = null
	sasl.kerberos.ticket.renew.jitter = 0.05
	sasl.kerberos.ticket.renew.window.factor = 0.8
	sasl.login.callback.handler.class = null
	sasl.login.class = null
	sasl.login.connect.timeout.ms = null
	sasl.login.read.timeout.ms = null
	sasl.login.refresh.buffer.seconds = 300
	sasl.login.refresh.min.period.seconds = 60
	sasl.login.refresh.window.factor = 0.8
	sasl.login.refresh.window.jitter = 0.05
	sasl.login.retry.backoff.max.ms = 10000
	sasl.login.retry.backoff.ms = 100
	sasl.mechanism.controller.protocol = GSSAPI
	sasl.mechanism.inter.broker.protocol = GSSAPI
	sasl.oauthbearer.clock.skew.seconds = 30
	sasl.oauthbearer.expected.audience = null
	sasl.oauthbearer.expected.issuer = null
	sasl.oauthbearer.jwks.endpoint.refresh.ms = 3600000
	sasl.oauthbearer.jwks.endpoint.retry.backoff.max.ms = 10000
	sasl.oauthbearer.jwks.endpoint.retry.backoff.ms = 100
	sasl.oauthbearer.jwks.endpoint.url = null
	sasl.oauthbearer.scope.claim.name = scope
	sasl.oauthbearer.sub.claim.name = sub
	sasl.oauthbearer.token.endpoint.url = null
	sasl.server.callback.handler.class = null
	security.inter.broker.protocol = PLAINTEXT
	security.providers = null
	socket.connection.setup.timeout.max.ms = 30000
	socket.connection.setup.timeout.ms = 10000
	socket.listen.backlog.size = 50
	socket.receive.buffer.bytes = 102400
	socket.request.max.bytes = 104857600
	socket.send.buffer.bytes = 102400
	ssl.cipher.suites = []
	ssl.client.auth = none
	ssl.enabled.protocols = [TLSv1.2]
	ssl.endpoint.identification.algorithm = https
	ssl.engine.factory.class = null
	ssl.key.password = null
	ssl.keymanager.algorithm = SunX509
	ssl.keystore.certificate.chain = null
	ssl.keystore.key = null
	ssl.keystore.location = null
	ssl.keystore.password = null
	ssl.keystore.type = JKS
	ssl.principal.mapping.rules = DEFAULT
	ssl.protocol = TLSv1.2
	ssl.provider = null
	ssl.secure.random.implementation = null
	ssl.trustmanager.algorithm = PKIX
	ssl.truststore.certificates = null
	ssl.truststore.location = null
	ssl.truststore.password = null
	ssl.truststore.type = JKS
	transaction.abort.timed.out.transaction.cleanup.interval.ms = 10000
	transaction.max.timeout.ms = 900000
	transaction.remove.expired.transaction.cleanup.interval.ms = 3600000
	transaction.state.log.load.buffer.size = 5242880
	transaction.state.log.min.isr = 1
	transaction.state.log.num.partitions = 50
	transaction.state.log.replication.factor = 1
	transaction.state.log.segment.bytes = 104857600
	transactional.id.expiration.ms = 604800000
	unclean.leader.election.enable = false
	zookeeper.clientCnxnSocket = null
	zookeeper.connect = localhost:2181
	zookeeper.connection.timeout.ms = 18000
	zookeeper.max.in.flight.requests = 10
	zookeeper.session.timeout.ms = 18000
	zookeeper.set.acl = false
	zookeeper.ssl.cipher.suites = null
	zookeeper.ssl.client.enable = false
	zookeeper.ssl.crl.enable = false
	zookeeper.ssl.enabled.protocols = null
	zookeeper.ssl.endpoint.identification.algorithm = HTTPS
	zookeeper.ssl.keystore.location = null
	zookeeper.ssl.keystore.password = null
	zookeeper.ssl.keystore.type = null
	zookeeper.ssl.ocsp.enable = false
	zookeeper.ssl.protocol = TLSv1.2
	zookeeper.ssl.truststore.location = null
	zookeeper.ssl.truststore.password = null
	zookeeper.ssl.truststore.type = null
 (kafka.server.KafkaConfig)
[2022-09-25 15:02:28,167] INFO [ThrottledChannelReaper-Fetch]: Starting (kafka.server.ClientQuotaManager$ThrottledChannelReaper)
[2022-09-25 15:02:28,168] INFO [ThrottledChannelReaper-Produce]: Starting (kafka.server.ClientQuotaManager$ThrottledChannelReaper)
[2022-09-25 15:02:28,169] INFO [ThrottledChannelReaper-Request]: Starting (kafka.server.ClientQuotaManager$ThrottledChannelReaper)
[2022-09-25 15:02:28,170] INFO [ThrottledChannelReaper-ControllerMutation]: Starting (kafka.server.ClientQuotaManager$ThrottledChannelReaper)
[2022-09-25 15:02:28,201] INFO Loading logs from log dirs ArraySeq(/tmp/kafka-logs) (kafka.log.LogManager)
[2022-09-25 15:02:28,203] INFO Skipping recovery for all logs in /tmp/kafka-logs since clean shutdown file was found (kafka.log.LogManager)
[2022-09-25 15:02:28,278] INFO [LogLoader partition=tweets-0, dir=/tmp/kafka-logs] Loading producer state till offset 150 with message format version 2 (kafka.log.UnifiedLog$)
[2022-09-25 15:02:28,279] INFO [LogLoader partition=tweets-0, dir=/tmp/kafka-logs] Reloading from producer snapshot and rebuilding producer state from offset 150 (kafka.log.UnifiedLog$)
[2022-09-25 15:02:28,280] INFO [ProducerStateManager partition=tweets-0] Loading producer state from snapshot file 'SnapshotFile(/tmp/kafka-logs/tweets-0/00000000000000000150.snapshot,150)' (kafka.log.ProducerStateManager)
[2022-09-25 15:02:28,284] INFO [LogLoader partition=tweets-0, dir=/tmp/kafka-logs] Producer state recovery took 5ms for snapshot load and 0ms for segment recovery from offset 150 (kafka.log.UnifiedLog$)
[2022-09-25 15:02:28,306] INFO Completed load of Log(dir=/tmp/kafka-logs/tweets-0, topicId=TtidQnvxRpSTk4Y42QiC5A, topic=tweets, partition=0, highWatermark=0, lastStableOffset=0, logStartOffset=0, logEndOffset=150) with 1 segments in 92ms (1/1 loaded in /tmp/kafka-logs) (kafka.log.LogManager)
[2022-09-25 15:02:28,308] INFO Loaded 1 logs in 107ms. (kafka.log.LogManager)
[2022-09-25 15:02:28,309] INFO Starting log cleanup with a period of 300000 ms. (kafka.log.LogManager)
[2022-09-25 15:02:28,310] INFO Starting log flusher with a default period of 9223372036854775807 ms. (kafka.log.LogManager)
[2022-09-25 15:02:28,610] INFO [BrokerToControllerChannelManager broker=0 name=forwarding]: Starting (kafka.server.BrokerToControllerRequestThread)
[2022-09-25 15:02:28,771] INFO Updated connection-accept-rate max connection creation rate to 2147483647 (kafka.network.ConnectionQuotas)
[2022-09-25 15:02:28,774] INFO Awaiting socket connections on 0.0.0.0:9092. (kafka.network.DataPlaneAcceptor)
[2022-09-25 15:02:28,805] INFO [SocketServer listenerType=ZK_BROKER, nodeId=0] Created data-plane acceptor and processors for endpoint : ListenerName(PLAINTEXT) (kafka.network.SocketServer)
[2022-09-25 15:02:28,814] INFO [BrokerToControllerChannelManager broker=0 name=alterPartition]: Starting (kafka.server.BrokerToControllerRequestThread)
[2022-09-25 15:02:28,833] INFO [ExpirationReaper-0-Produce]: Starting (kafka.server.DelayedOperationPurgatory$ExpiredOperationReaper)
[2022-09-25 15:02:28,834] INFO [ExpirationReaper-0-Fetch]: Starting (kafka.server.DelayedOperationPurgatory$ExpiredOperationReaper)
[2022-09-25 15:02:28,835] INFO [ExpirationReaper-0-DeleteRecords]: Starting (kafka.server.DelayedOperationPurgatory$ExpiredOperationReaper)
[2022-09-25 15:02:28,836] INFO [ExpirationReaper-0-ElectLeader]: Starting (kafka.server.DelayedOperationPurgatory$ExpiredOperationReaper)
[2022-09-25 15:02:28,857] INFO [LogDirFailureHandler]: Starting (kafka.server.ReplicaManager$LogDirFailureHandler)
[2022-09-25 15:02:28,901] INFO Creating /brokers/ids/0 (is it secure? false) (kafka.zk.KafkaZkClient)
[2022-09-25 15:02:28,920] INFO Stat of the created znode at /brokers/ids/0 is: 141,141,1664132548910,1664132548910,1,0,0,72058022298189825,216,0,141
 (kafka.zk.KafkaZkClient)
[2022-09-25 15:02:28,921] INFO Registered broker 0 at path /brokers/ids/0 with addresses: PLAINTEXT://emad-ideapad-520:9092, czxid (broker epoch): 141 (kafka.zk.KafkaZkClient)
[2022-09-25 15:02:29,004] INFO [ExpirationReaper-0-topic]: Starting (kafka.server.DelayedOperationPurgatory$ExpiredOperationReaper)
[2022-09-25 15:02:29,010] INFO [ExpirationReaper-0-Heartbeat]: Starting (kafka.server.DelayedOperationPurgatory$ExpiredOperationReaper)
[2022-09-25 15:02:29,010] INFO [ExpirationReaper-0-Rebalance]: Starting (kafka.server.DelayedOperationPurgatory$ExpiredOperationReaper)
[2022-09-25 15:02:29,034] INFO [GroupCoordinator 0]: Starting up. (kafka.coordinator.group.GroupCoordinator)
[2022-09-25 15:02:29,042] INFO [GroupCoordinator 0]: Startup complete. (kafka.coordinator.group.GroupCoordinator)
[2022-09-25 15:02:29,065] INFO [TransactionCoordinator id=0] Starting up. (kafka.coordinator.transaction.TransactionCoordinator)
[2022-09-25 15:02:29,068] INFO [Transaction Marker Channel Manager 0]: Starting (kafka.coordinator.transaction.TransactionMarkerChannelManager)
[2022-09-25 15:02:29,068] INFO [TransactionCoordinator id=0] Startup complete. (kafka.coordinator.transaction.TransactionCoordinator)
[2022-09-25 15:02:29,113] INFO [ExpirationReaper-0-AlterAcls]: Starting (kafka.server.DelayedOperationPurgatory$ExpiredOperationReaper)
[2022-09-25 15:02:29,159] INFO [/config/changes-event-process-thread]: Starting (kafka.common.ZkNodeChangeNotificationListener$ChangeEventProcessThread)
[2022-09-25 15:02:29,194] INFO [SocketServer listenerType=ZK_BROKER, nodeId=0] Starting socket server acceptors and processors (kafka.network.SocketServer)
[2022-09-25 15:02:29,203] INFO [SocketServer listenerType=ZK_BROKER, nodeId=0] Started data-plane acceptor and processor(s) for endpoint : ListenerName(PLAINTEXT) (kafka.network.SocketServer)
[2022-09-25 15:02:29,203] INFO [SocketServer listenerType=ZK_BROKER, nodeId=0] Started socket server acceptors and processors (kafka.network.SocketServer)
[2022-09-25 15:02:29,209] INFO Kafka version: 3.2.1 (org.apache.kafka.common.utils.AppInfoParser)
[2022-09-25 15:02:29,209] INFO Kafka commitId: b172a0a94f4ebb9f (org.apache.kafka.common.utils.AppInfoParser)
[2022-09-25 15:02:29,209] INFO Kafka startTimeMs: 1664132549203 (org.apache.kafka.common.utils.AppInfoParser)
[2022-09-25 15:02:29,210] INFO [KafkaServer id=0] started (kafka.server.KafkaServer)
[2022-09-25 15:02:29,259] INFO [ReplicaFetcherManager on broker 0] Removed fetcher for partitions Set(tweets-0) (kafka.server.ReplicaFetcherManager)
[2022-09-25 15:02:29,267] INFO [Partition tweets-0 broker=0] Log loaded for partition tweets-0 with initial high watermark 150 (kafka.cluster.Partition)
[2022-09-25 15:02:29,316] INFO [BrokerToControllerChannelManager broker=0 name=alterPartition]: Recorded new controller, from now on will use broker emad-ideapad-520:9092 (id: 0 rack: null) (kafka.server.BrokerToControllerRequestThread)
[2022-09-25 15:02:29,319] INFO [BrokerToControllerChannelManager broker=0 name=forwarding]: Recorded new controller, from now on will use broker emad-ideapad-520:9092 (id: 0 rack: null) (kafka.server.BrokerToControllerRequestThread)
